  distrituak.c
C:\Users\diosg\OneDrive\Documentos\Klikatuz Garatu (Alfa)\sdlExamplesVcWS\01simpleStaticDemo\distrituak.c(35,29): warning C4047: '=': 'int' es distinto en los niveles de direccionamiento indirecto de 'char [12]'
C:\Users\diosg\OneDrive\Documentos\Klikatuz Garatu (Alfa)\sdlExamplesVcWS\01simpleStaticDemo\distrituak.c(36,16): warning C4013: 'trantxizioa' sin definir; se supone que extern devuelve como resultado int
C:\Users\diosg\OneDrive\Documentos\Klikatuz Garatu (Alfa)\sdlExamplesVcWS\01simpleStaticDemo\distrituak.c(54,40): warning C4047: 'función': 'int' es distinto en los niveles de direccionamiento indirecto de 'char [12]'
C:\Users\diosg\OneDrive\Documentos\Klikatuz Garatu (Alfa)\sdlExamplesVcWS\01simpleStaticDemo\distrituak.c(54,25): warning C4024: 'irudiaKendu': tipos distintos para el parámetro formal y el parámetro real 1
C:\Users\diosg\OneDrive\Documentos\Klikatuz Garatu (Alfa)\sdlExamplesVcWS\01simpleStaticDemo\distrituak.c(60,40): warning C4047: 'función': 'int' es distinto en los niveles de direccionamiento indirecto de 'char [12]'
C:\Users\diosg\OneDrive\Documentos\Klikatuz Garatu (Alfa)\sdlExamplesVcWS\01simpleStaticDemo\distrituak.c(60,25): warning C4024: 'irudiaKendu': tipos distintos para el parámetro formal y el parámetro real 1
C:\Users\diosg\OneDrive\Documentos\Klikatuz Garatu (Alfa)\sdlExamplesVcWS\01simpleStaticDemo\distrituak.c(66,40): warning C4047: 'función': 'int' es distinto en los niveles de direccionamiento indirecto de 'char [12]'
C:\Users\diosg\OneDrive\Documentos\Klikatuz Garatu (Alfa)\sdlExamplesVcWS\01simpleStaticDemo\distrituak.c(66,25): warning C4024: 'irudiaKendu': tipos distintos para el parámetro formal y el parámetro real 1
C:\Users\diosg\OneDrive\Documentos\Klikatuz Garatu (Alfa)\sdlExamplesVcWS\01simpleStaticDemo\distrituak.c(76,63): warning C4020: 'JokoarenHasiera': hay demasiados parámetros reales
C:\Users\diosg\OneDrive\Documentos\Klikatuz Garatu (Alfa)\sdlExamplesVcWS\01simpleStaticDemo\distrituak.c(80,44): warning C4047: 'función': 'int' es distinto en los niveles de direccionamiento indirecto de 'char [12]'
C:\Users\diosg\OneDrive\Documentos\Klikatuz Garatu (Alfa)\sdlExamplesVcWS\01simpleStaticDemo\distrituak.c(80,29): warning C4024: 'irudiaKendu': tipos distintos para el parámetro formal y el parámetro real 1
C:\Users\diosg\OneDrive\Documentos\Klikatuz Garatu (Alfa)\sdlExamplesVcWS\01simpleStaticDemo\distrituak.c(81,31): warning C4013: 'KredituakJarri' sin definir; se supone que extern devuelve como resultado int
C:\Users\diosg\OneDrive\Documentos\Klikatuz Garatu (Alfa)\sdlExamplesVcWS\01simpleStaticDemo\distrituak.c(85,44): warning C4047: 'función': 'int' es distinto en los niveles de direccionamiento indirecto de 'char [12]'
C:\Users\diosg\OneDrive\Documentos\Klikatuz Garatu (Alfa)\sdlExamplesVcWS\01simpleStaticDemo\distrituak.c(85,29): warning C4024: 'irudiaKendu': tipos distintos para el parámetro formal y el parámetro real 1
C:\Users\diosg\OneDrive\Documentos\Klikatuz Garatu (Alfa)\sdlExamplesVcWS\01simpleStaticDemo\distrituak.c(86,31): warning C4013: 'ArgibideaJarri' sin definir; se supone que extern devuelve como resultado int
C:\Users\diosg\OneDrive\Documentos\Klikatuz Garatu (Alfa)\sdlExamplesVcWS\01simpleStaticDemo\distrituak.c(90,44): warning C4047: 'función': 'int' es distinto en los niveles de direccionamiento indirecto de 'char [12]'
C:\Users\diosg\OneDrive\Documentos\Klikatuz Garatu (Alfa)\sdlExamplesVcWS\01simpleStaticDemo\distrituak.c(90,29): warning C4024: 'irudiaKendu': tipos distintos para el parámetro formal y el parámetro real 1
C:\Users\diosg\OneDrive\Documentos\Klikatuz Garatu (Alfa)\sdlExamplesVcWS\01simpleStaticDemo\distrituak.c(91,34): warning C4013: 'InstrukzioakJarri' sin definir; se supone que extern devuelve como resultado int
C:\Users\diosg\OneDrive\Documentos\Klikatuz Garatu (Alfa)\sdlExamplesVcWS\01simpleStaticDemo\distrituak.c(122,45): warning C4047: '=': 'int' es distinto en los niveles de direccionamiento indirecto de 'char [28]'
C:\Users\diosg\OneDrive\Documentos\Klikatuz Garatu (Alfa)\sdlExamplesVcWS\01simpleStaticDemo\distrituak.c(126,39): warning C4474: "sprintf": se pasaron demasiados argumentos para la cadena de formato
C:\Users\diosg\OneDrive\Documentos\Klikatuz Garatu (Alfa)\sdlExamplesVcWS\01simpleStaticDemo\distrituak.c(126,39): message : los marcadores de posición y sus parámetros esperan 0 argumentos variádicos, pero se proporcionaron 1
C:\Users\diosg\OneDrive\Documentos\Klikatuz Garatu (Alfa)\sdlExamplesVcWS\01simpleStaticDemo\distrituak.c(127,46): warning C4474: "sprintf": se pasaron demasiados argumentos para la cadena de formato
C:\Users\diosg\OneDrive\Documentos\Klikatuz Garatu (Alfa)\sdlExamplesVcWS\01simpleStaticDemo\distrituak.c(127,46): message : los marcadores de posición y sus parámetros esperan 0 argumentos variádicos, pero se proporcionaron 1
C:\Users\diosg\OneDrive\Documentos\Klikatuz Garatu (Alfa)\sdlExamplesVcWS\01simpleStaticDemo\distrituak.c(135,20): warning C4013: 'textuaIdatzi_v2' sin definir; se supone que extern devuelve como resultado int
C:\Users\diosg\OneDrive\Documentos\Klikatuz Garatu (Alfa)\sdlExamplesVcWS\01simpleStaticDemo\distrituak.c(160,45): warning C4244: '=': conversión de 'double' a 'float'; posible pérdida de datos
C:\Users\diosg\OneDrive\Documentos\Klikatuz Garatu (Alfa)\sdlExamplesVcWS\01simpleStaticDemo\distrituak.c(171,55): warning C4474: "sprintf": se pasaron demasiados argumentos para la cadena de formato
C:\Users\diosg\OneDrive\Documentos\Klikatuz Garatu (Alfa)\sdlExamplesVcWS\01simpleStaticDemo\distrituak.c(171,55): message : los marcadores de posición y sus parámetros esperan 0 argumentos variádicos, pero se proporcionaron 1
C:\Users\diosg\OneDrive\Documentos\Klikatuz Garatu (Alfa)\sdlExamplesVcWS\01simpleStaticDemo\distrituak.c(172,62): warning C4474: "sprintf": se pasaron demasiados argumentos para la cadena de formato
C:\Users\diosg\OneDrive\Documentos\Klikatuz Garatu (Alfa)\sdlExamplesVcWS\01simpleStaticDemo\distrituak.c(172,62): message : los marcadores de posición y sus parámetros esperan 0 argumentos variádicos, pero se proporcionaron 1
C:\Users\diosg\OneDrive\Documentos\Klikatuz Garatu (Alfa)\sdlExamplesVcWS\01simpleStaticDemo\distrituak.c(199,45): warning C4244: '=': conversión de 'double' a 'float'; posible pérdida de datos
C:\Users\diosg\OneDrive\Documentos\Klikatuz Garatu (Alfa)\sdlExamplesVcWS\01simpleStaticDemo\distrituak.c(202,55): warning C4047: '=': 'int' es distinto en los niveles de direccionamiento indirecto de 'char [22]'
C:\Users\diosg\OneDrive\Documentos\Klikatuz Garatu (Alfa)\sdlExamplesVcWS\01simpleStaticDemo\distrituak.c(213,63): warning C4474: "sprintf": se pasaron demasiados argumentos para la cadena de formato
C:\Users\diosg\OneDrive\Documentos\Klikatuz Garatu (Alfa)\sdlExamplesVcWS\01simpleStaticDemo\distrituak.c(213,63): message : los marcadores de posición y sus parámetros esperan 0 argumentos variádicos, pero se proporcionaron 1
C:\Users\diosg\OneDrive\Documentos\Klikatuz Garatu (Alfa)\sdlExamplesVcWS\01simpleStaticDemo\distrituak.c(215,62): warning C4474: "sprintf": se pasaron demasiados argumentos para la cadena de formato
C:\Users\diosg\OneDrive\Documentos\Klikatuz Garatu (Alfa)\sdlExamplesVcWS\01simpleStaticDemo\distrituak.c(215,62): message : los marcadores de posición y sus parámetros esperan 0 argumentos variádicos, pero se proporcionaron 1
C:\Users\diosg\OneDrive\Documentos\Klikatuz Garatu (Alfa)\sdlExamplesVcWS\01simpleStaticDemo\distrituak.c(242,45): warning C4244: '=': conversión de 'double' a 'float'; posible pérdida de datos
C:\Users\diosg\OneDrive\Documentos\Klikatuz Garatu (Alfa)\sdlExamplesVcWS\01simpleStaticDemo\distrituak.c(245,57): warning C4047: '=': 'int' es distinto en los niveles de direccionamiento indirecto de 'char [24]'
C:\Users\diosg\OneDrive\Documentos\Klikatuz Garatu (Alfa)\sdlExamplesVcWS\01simpleStaticDemo\distrituak.c(264,65): warning C4474: "sprintf": se pasaron demasiados argumentos para la cadena de formato
C:\Users\diosg\OneDrive\Documentos\Klikatuz Garatu (Alfa)\sdlExamplesVcWS\01simpleStaticDemo\distrituak.c(264,65): message : los marcadores de posición y sus parámetros esperan 0 argumentos variádicos, pero se proporcionaron 1
C:\Users\diosg\OneDrive\Documentos\Klikatuz Garatu (Alfa)\sdlExamplesVcWS\01simpleStaticDemo\distrituak.c(265,62): warning C4474: "sprintf": se pasaron demasiados argumentos para la cadena de formato
C:\Users\diosg\OneDrive\Documentos\Klikatuz Garatu (Alfa)\sdlExamplesVcWS\01simpleStaticDemo\distrituak.c(265,62): message : los marcadores de posición y sus parámetros esperan 0 argumentos variádicos, pero se proporcionaron 1
C:\Users\diosg\OneDrive\Documentos\Klikatuz Garatu (Alfa)\sdlExamplesVcWS\01simpleStaticDemo\distrituak.c(266,57): warning C4474: "sprintf": se pasaron demasiados argumentos para la cadena de formato
C:\Users\diosg\OneDrive\Documentos\Klikatuz Garatu (Alfa)\sdlExamplesVcWS\01simpleStaticDemo\distrituak.c(266,57): message : los marcadores de posición y sus parámetros esperan 0 argumentos variádicos, pero se proporcionaron 1
C:\Users\diosg\OneDrive\Documentos\Klikatuz Garatu (Alfa)\sdlExamplesVcWS\01simpleStaticDemo\distrituak.c(286,63): warning C4474: "sprintf": se pasaron demasiados argumentos para la cadena de formato
C:\Users\diosg\OneDrive\Documentos\Klikatuz Garatu (Alfa)\sdlExamplesVcWS\01simpleStaticDemo\distrituak.c(286,63): message : los marcadores de posición y sus parámetros esperan 0 argumentos variádicos, pero se proporcionaron 1
C:\Users\diosg\OneDrive\Documentos\Klikatuz Garatu (Alfa)\sdlExamplesVcWS\01simpleStaticDemo\distrituak.c(287,56): warning C4474: "sprintf": se pasaron demasiados argumentos para la cadena de formato
C:\Users\diosg\OneDrive\Documentos\Klikatuz Garatu (Alfa)\sdlExamplesVcWS\01simpleStaticDemo\distrituak.c(287,56): message : los marcadores de posición y sus parámetros esperan 0 argumentos variádicos, pero se proporcionaron 1
C:\Users\diosg\OneDrive\Documentos\Klikatuz Garatu (Alfa)\sdlExamplesVcWS\01simpleStaticDemo\distrituak.c(288,63): warning C4474: "sprintf": se pasaron demasiados argumentos para la cadena de formato
C:\Users\diosg\OneDrive\Documentos\Klikatuz Garatu (Alfa)\sdlExamplesVcWS\01simpleStaticDemo\distrituak.c(288,63): message : los marcadores de posición y sus parámetros esperan 0 argumentos variádicos, pero se proporcionaron 1
C:\Users\diosg\OneDrive\Documentos\Klikatuz Garatu (Alfa)\sdlExamplesVcWS\01simpleStaticDemo\distrituak.c(304,63): warning C4474: "sprintf": se pasaron demasiados argumentos para la cadena de formato
C:\Users\diosg\OneDrive\Documentos\Klikatuz Garatu (Alfa)\sdlExamplesVcWS\01simpleStaticDemo\distrituak.c(304,63): message : los marcadores de posición y sus parámetros esperan 0 argumentos variádicos, pero se proporcionaron 1
C:\Users\diosg\OneDrive\Documentos\Klikatuz Garatu (Alfa)\sdlExamplesVcWS\01simpleStaticDemo\distrituak.c(305,56): warning C4474: "sprintf": se pasaron demasiados argumentos para la cadena de formato
C:\Users\diosg\OneDrive\Documentos\Klikatuz Garatu (Alfa)\sdlExamplesVcWS\01simpleStaticDemo\distrituak.c(305,56): message : los marcadores de posición y sus parámetros esperan 0 argumentos variádicos, pero se proporcionaron 1
C:\Users\diosg\OneDrive\Documentos\Klikatuz Garatu (Alfa)\sdlExamplesVcWS\01simpleStaticDemo\distrituak.c(124,5): warning C4996: 'sprintf': This function or variable may be unsafe. Consider using sprintf_s instead. To disable deprecation, use _CRT_SECURE_NO_WARNINGS. See online help for details.
C:\Users\diosg\OneDrive\Documentos\Klikatuz Garatu (Alfa)\sdlExamplesVcWS\01simpleStaticDemo\distrituak.c(125,5): warning C4996: 'sprintf': This function or variable may be unsafe. Consider using sprintf_s instead. To disable deprecation, use _CRT_SECURE_NO_WARNINGS. See online help for details.
C:\Users\diosg\OneDrive\Documentos\Klikatuz Garatu (Alfa)\sdlExamplesVcWS\01simpleStaticDemo\distrituak.c(126,5): warning C4996: 'sprintf': This function or variable may be unsafe. Consider using sprintf_s instead. To disable deprecation, use _CRT_SECURE_NO_WARNINGS. See online help for details.
C:\Users\diosg\OneDrive\Documentos\Klikatuz Garatu (Alfa)\sdlExamplesVcWS\01simpleStaticDemo\distrituak.c(127,5): warning C4996: 'sprintf': This function or variable may be unsafe. Consider using sprintf_s instead. To disable deprecation, use _CRT_SECURE_NO_WARNINGS. See online help for details.
C:\Users\diosg\OneDrive\Documentos\Klikatuz Garatu (Alfa)\sdlExamplesVcWS\01simpleStaticDemo\distrituak.c(128,5): warning C4996: 'sprintf': This function or variable may be unsafe. Consider using sprintf_s instead. To disable deprecation, use _CRT_SECURE_NO_WARNINGS. See online help for details.
C:\Users\diosg\OneDrive\Documentos\Klikatuz Garatu (Alfa)\sdlExamplesVcWS\01simpleStaticDemo\distrituak.c(169,21): warning C4996: 'sprintf': This function or variable may be unsafe. Consider using sprintf_s instead. To disable deprecation, use _CRT_SECURE_NO_WARNINGS. See online help for details.
C:\Users\diosg\OneDrive\Documentos\Klikatuz Garatu (Alfa)\sdlExamplesVcWS\01simpleStaticDemo\distrituak.c(170,21): warning C4996: 'sprintf': This function or variable may be unsafe. Consider using sprintf_s instead. To disable deprecation, use _CRT_SECURE_NO_WARNINGS. See online help for details.
C:\Users\diosg\OneDrive\Documentos\Klikatuz Garatu (Alfa)\sdlExamplesVcWS\01simpleStaticDemo\distrituak.c(171,21): warning C4996: 'sprintf': This function or variable may be unsafe. Consider using sprintf_s instead. To disable deprecation, use _CRT_SECURE_NO_WARNINGS. See online help for details.
C:\Users\diosg\OneDrive\Documentos\Klikatuz Garatu (Alfa)\sdlExamplesVcWS\01simpleStaticDemo\distrituak.c(172,21): warning C4996: 'sprintf': This function or variable may be unsafe. Consider using sprintf_s instead. To disable deprecation, use _CRT_SECURE_NO_WARNINGS. See online help for details.
C:\Users\diosg\OneDrive\Documentos\Klikatuz Garatu (Alfa)\sdlExamplesVcWS\01simpleStaticDemo\distrituak.c(173,21): warning C4996: 'sprintf': This function or variable may be unsafe. Consider using sprintf_s instead. To disable deprecation, use _CRT_SECURE_NO_WARNINGS. See online help for details.
C:\Users\diosg\OneDrive\Documentos\Klikatuz Garatu (Alfa)\sdlExamplesVcWS\01simpleStaticDemo\distrituak.c(212,21): warning C4996: 'sprintf': This function or variable may be unsafe. Consider using sprintf_s instead. To disable deprecation, use _CRT_SECURE_NO_WARNINGS. See online help for details.
C:\Users\diosg\OneDrive\Documentos\Klikatuz Garatu (Alfa)\sdlExamplesVcWS\01simpleStaticDemo\distrituak.c(213,21): warning C4996: 'sprintf': This function or variable may be unsafe. Consider using sprintf_s instead. To disable deprecation, use _CRT_SECURE_NO_WARNINGS. See online help for details.
C:\Users\diosg\OneDrive\Documentos\Klikatuz Garatu (Alfa)\sdlExamplesVcWS\01simpleStaticDemo\distrituak.c(214,21): warning C4996: 'sprintf': This function or variable may be unsafe. Consider using sprintf_s instead. To disable deprecation, use _CRT_SECURE_NO_WARNINGS. See online help for details.
C:\Users\diosg\OneDrive\Documentos\Klikatuz Garatu (Alfa)\sdlExamplesVcWS\01simpleStaticDemo\distrituak.c(215,21): warning C4996: 'sprintf': This function or variable may be unsafe. Consider using sprintf_s instead. To disable deprecation, use _CRT_SECURE_NO_WARNINGS. See online help for details.
C:\Users\diosg\OneDrive\Documentos\Klikatuz Garatu (Alfa)\sdlExamplesVcWS\01simpleStaticDemo\distrituak.c(216,21): warning C4996: 'sprintf': This function or variable may be unsafe. Consider using sprintf_s instead. To disable deprecation, use _CRT_SECURE_NO_WARNINGS. See online help for details.
C:\Users\diosg\OneDrive\Documentos\Klikatuz Garatu (Alfa)\sdlExamplesVcWS\01simpleStaticDemo\distrituak.c(263,21): warning C4996: 'sprintf': This function or variable may be unsafe. Consider using sprintf_s instead. To disable deprecation, use _CRT_SECURE_NO_WARNINGS. See online help for details.
C:\Users\diosg\OneDrive\Documentos\Klikatuz Garatu (Alfa)\sdlExamplesVcWS\01simpleStaticDemo\distrituak.c(264,21): warning C4996: 'sprintf': This function or variable may be unsafe. Consider using sprintf_s instead. To disable deprecation, use _CRT_SECURE_NO_WARNINGS. See online help for details.
C:\Users\diosg\OneDrive\Documentos\Klikatuz Garatu (Alfa)\sdlExamplesVcWS\01simpleStaticDemo\distrituak.c(265,21): warning C4996: 'sprintf': This function or variable may be unsafe. Consider using sprintf_s instead. To disable deprecation, use _CRT_SECURE_NO_WARNINGS. See online help for details.
C:\Users\diosg\OneDrive\Documentos\Klikatuz Garatu (Alfa)\sdlExamplesVcWS\01simpleStaticDemo\distrituak.c(266,21): warning C4996: 'sprintf': This function or variable may be unsafe. Consider using sprintf_s instead. To disable deprecation, use _CRT_SECURE_NO_WARNINGS. See online help for details.
C:\Users\diosg\OneDrive\Documentos\Klikatuz Garatu (Alfa)\sdlExamplesVcWS\01simpleStaticDemo\distrituak.c(267,21): warning C4996: 'sprintf': This function or variable may be unsafe. Consider using sprintf_s instead. To disable deprecation, use _CRT_SECURE_NO_WARNINGS. See online help for details.
C:\Users\diosg\OneDrive\Documentos\Klikatuz Garatu (Alfa)\sdlExamplesVcWS\01simpleStaticDemo\distrituak.c(285,21): warning C4996: 'sprintf': This function or variable may be unsafe. Consider using sprintf_s instead. To disable deprecation, use _CRT_SECURE_NO_WARNINGS. See online help for details.
C:\Users\diosg\OneDrive\Documentos\Klikatuz Garatu (Alfa)\sdlExamplesVcWS\01simpleStaticDemo\distrituak.c(286,21): warning C4996: 'sprintf': This function or variable may be unsafe. Consider using sprintf_s instead. To disable deprecation, use _CRT_SECURE_NO_WARNINGS. See online help for details.
C:\Users\diosg\OneDrive\Documentos\Klikatuz Garatu (Alfa)\sdlExamplesVcWS\01simpleStaticDemo\distrituak.c(287,21): warning C4996: 'sprintf': This function or variable may be unsafe. Consider using sprintf_s instead. To disable deprecation, use _CRT_SECURE_NO_WARNINGS. See online help for details.
C:\Users\diosg\OneDrive\Documentos\Klikatuz Garatu (Alfa)\sdlExamplesVcWS\01simpleStaticDemo\distrituak.c(288,21): warning C4996: 'sprintf': This function or variable may be unsafe. Consider using sprintf_s instead. To disable deprecation, use _CRT_SECURE_NO_WARNINGS. See online help for details.
C:\Users\diosg\OneDrive\Documentos\Klikatuz Garatu (Alfa)\sdlExamplesVcWS\01simpleStaticDemo\distrituak.c(289,21): warning C4996: 'sprintf': This function or variable may be unsafe. Consider using sprintf_s instead. To disable deprecation, use _CRT_SECURE_NO_WARNINGS. See online help for details.
C:\Users\diosg\OneDrive\Documentos\Klikatuz Garatu (Alfa)\sdlExamplesVcWS\01simpleStaticDemo\distrituak.c(303,21): warning C4996: 'sprintf': This function or variable may be unsafe. Consider using sprintf_s instead. To disable deprecation, use _CRT_SECURE_NO_WARNINGS. See online help for details.
C:\Users\diosg\OneDrive\Documentos\Klikatuz Garatu (Alfa)\sdlExamplesVcWS\01simpleStaticDemo\distrituak.c(304,21): warning C4996: 'sprintf': This function or variable may be unsafe. Consider using sprintf_s instead. To disable deprecation, use _CRT_SECURE_NO_WARNINGS. See online help for details.
C:\Users\diosg\OneDrive\Documentos\Klikatuz Garatu (Alfa)\sdlExamplesVcWS\01simpleStaticDemo\distrituak.c(305,21): warning C4996: 'sprintf': This function or variable may be unsafe. Consider using sprintf_s instead. To disable deprecation, use _CRT_SECURE_NO_WARNINGS. See online help for details.
C:\Users\diosg\OneDrive\Documentos\Klikatuz Garatu (Alfa)\sdlExamplesVcWS\01simpleStaticDemo\distrituak.c(306,21): warning C4996: 'sprintf': This function or variable may be unsafe. Consider using sprintf_s instead. To disable deprecation, use _CRT_SECURE_NO_WARNINGS. See online help for details.
C:\Users\diosg\OneDrive\Documentos\Klikatuz Garatu (Alfa)\sdlExamplesVcWS\01simpleStaticDemo\distrituak.c(307,21): warning C4996: 'sprintf': This function or variable may be unsafe. Consider using sprintf_s instead. To disable deprecation, use _CRT_SECURE_NO_WARNINGS. See online help for details.
C:\Users\diosg\OneDrive\Documentos\Klikatuz Garatu (Alfa)\sdlExamplesVcWS\01simpleStaticDemo\distrituak.c(346,42): warning C4047: '=': 'int' es distinto en los niveles de direccionamiento indirecto de 'char [25]'
C:\Users\diosg\OneDrive\Documentos\Klikatuz Garatu (Alfa)\sdlExamplesVcWS\01simpleStaticDemo\distrituak.c(351,46): warning C4474: "sprintf": se pasaron demasiados argumentos para la cadena de formato
C:\Users\diosg\OneDrive\Documentos\Klikatuz Garatu (Alfa)\sdlExamplesVcWS\01simpleStaticDemo\distrituak.c(351,46): message : los marcadores de posición y sus parámetros esperan 0 argumentos variádicos, pero se proporcionaron 1
C:\Users\diosg\OneDrive\Documentos\Klikatuz Garatu (Alfa)\sdlExamplesVcWS\01simpleStaticDemo\distrituak.c(352,41): warning C4474: "sprintf": se pasaron demasiados argumentos para la cadena de formato
C:\Users\diosg\OneDrive\Documentos\Klikatuz Garatu (Alfa)\sdlExamplesVcWS\01simpleStaticDemo\distrituak.c(352,41): message : los marcadores de posición y sus parámetros esperan 0 argumentos variádicos, pero se proporcionaron 1
C:\Users\diosg\OneDrive\Documentos\Klikatuz Garatu (Alfa)\sdlExamplesVcWS\01simpleStaticDemo\distrituak.c(383,49): warning C4244: '=': conversión de 'double' a 'float'; posible pérdida de datos
C:\Users\diosg\OneDrive\Documentos\Klikatuz Garatu (Alfa)\sdlExamplesVcWS\01simpleStaticDemo\distrituak.c(389,69): warning C4047: '=': 'int' es distinto en los niveles de direccionamiento indirecto de 'char [28]'
C:\Users\diosg\OneDrive\Documentos\Klikatuz Garatu (Alfa)\sdlExamplesVcWS\01simpleStaticDemo\distrituak.c(402,66): warning C4474: "sprintf": se pasaron demasiados argumentos para la cadena de formato
C:\Users\diosg\OneDrive\Documentos\Klikatuz Garatu (Alfa)\sdlExamplesVcWS\01simpleStaticDemo\distrituak.c(402,66): message : los marcadores de posición y sus parámetros esperan 0 argumentos variádicos, pero se proporcionaron 1
C:\Users\diosg\OneDrive\Documentos\Klikatuz Garatu (Alfa)\sdlExamplesVcWS\01simpleStaticDemo\distrituak.c(403,61): warning C4474: "sprintf": se pasaron demasiados argumentos para la cadena de formato
C:\Users\diosg\OneDrive\Documentos\Klikatuz Garatu (Alfa)\sdlExamplesVcWS\01simpleStaticDemo\distrituak.c(403,61): message : los marcadores de posición y sus parámetros esperan 0 argumentos variádicos, pero se proporcionaron 1
C:\Users\diosg\OneDrive\Documentos\Klikatuz Garatu (Alfa)\sdlExamplesVcWS\01simpleStaticDemo\distrituak.c(430,49): warning C4244: '=': conversión de 'double' a 'float'; posible pérdida de datos
C:\Users\diosg\OneDrive\Documentos\Klikatuz Garatu (Alfa)\sdlExamplesVcWS\01simpleStaticDemo\distrituak.c(436,66): warning C4047: '=': 'int' es distinto en los niveles de direccionamiento indirecto de 'char [25]'
C:\Users\diosg\OneDrive\Documentos\Klikatuz Garatu (Alfa)\sdlExamplesVcWS\01simpleStaticDemo\distrituak.c(448,70): warning C4474: "sprintf": se pasaron demasiados argumentos para la cadena de formato
C:\Users\diosg\OneDrive\Documentos\Klikatuz Garatu (Alfa)\sdlExamplesVcWS\01simpleStaticDemo\distrituak.c(448,70): message : los marcadores de posición y sus parámetros esperan 0 argumentos variádicos, pero se proporcionaron 1
C:\Users\diosg\OneDrive\Documentos\Klikatuz Garatu (Alfa)\sdlExamplesVcWS\01simpleStaticDemo\distrituak.c(450,61): warning C4474: "sprintf": se pasaron demasiados argumentos para la cadena de formato
C:\Users\diosg\OneDrive\Documentos\Klikatuz Garatu (Alfa)\sdlExamplesVcWS\01simpleStaticDemo\distrituak.c(450,61): message : los marcadores de posición y sus parámetros esperan 0 argumentos variádicos, pero se proporcionaron 1
C:\Users\diosg\OneDrive\Documentos\Klikatuz Garatu (Alfa)\sdlExamplesVcWS\01simpleStaticDemo\distrituak.c(477,49): warning C4244: '=': conversión de 'double' a 'float'; posible pérdida de datos
C:\Users\diosg\OneDrive\Documentos\Klikatuz Garatu (Alfa)\sdlExamplesVcWS\01simpleStaticDemo\distrituak.c(483,70): warning C4047: '=': 'int' es distinto en los niveles de direccionamiento indirecto de 'char [29]'
C:\Users\diosg\OneDrive\Documentos\Klikatuz Garatu (Alfa)\sdlExamplesVcWS\01simpleStaticDemo\distrituak.c(500,70): warning C4474: "sprintf": se pasaron demasiados argumentos para la cadena de formato
C:\Users\diosg\OneDrive\Documentos\Klikatuz Garatu (Alfa)\sdlExamplesVcWS\01simpleStaticDemo\distrituak.c(500,70): message : los marcadores de posición y sus parámetros esperan 0 argumentos variádicos, pero se proporcionaron 1
C:\Users\diosg\OneDrive\Documentos\Klikatuz Garatu (Alfa)\sdlExamplesVcWS\01simpleStaticDemo\distrituak.c(501,67): warning C4474: "sprintf": se pasaron demasiados argumentos para la cadena de formato
C:\Users\diosg\OneDrive\Documentos\Klikatuz Garatu (Alfa)\sdlExamplesVcWS\01simpleStaticDemo\distrituak.c(501,67): message : los marcadores de posición y sus parámetros esperan 0 argumentos variádicos, pero se proporcionaron 1
C:\Users\diosg\OneDrive\Documentos\Klikatuz Garatu (Alfa)\sdlExamplesVcWS\01simpleStaticDemo\distrituak.c(339,1): warning C4244: 'inicializando': conversión de 'double' a 'float'; posible pérdida de datos
C:\Users\diosg\OneDrive\Documentos\Klikatuz Garatu (Alfa)\sdlExamplesVcWS\01simpleStaticDemo\distrituak.c(340,1): warning C4244: 'inicializando': conversión de 'double' a 'float'; posible pérdida de datos
C:\Users\diosg\OneDrive\Documentos\Klikatuz Garatu (Alfa)\sdlExamplesVcWS\01simpleStaticDemo\distrituak.c(349,5): warning C4996: 'sprintf': This function or variable may be unsafe. Consider using sprintf_s instead. To disable deprecation, use _CRT_SECURE_NO_WARNINGS. See online help for details.
C:\Users\diosg\OneDrive\Documentos\Klikatuz Garatu (Alfa)\sdlExamplesVcWS\01simpleStaticDemo\distrituak.c(350,5): warning C4996: 'sprintf': This function or variable may be unsafe. Consider using sprintf_s instead. To disable deprecation, use _CRT_SECURE_NO_WARNINGS. See online help for details.
C:\Users\diosg\OneDrive\Documentos\Klikatuz Garatu (Alfa)\sdlExamplesVcWS\01simpleStaticDemo\distrituak.c(351,5): warning C4996: 'sprintf': This function or variable may be unsafe. Consider using sprintf_s instead. To disable deprecation, use _CRT_SECURE_NO_WARNINGS. See online help for details.
C:\Users\diosg\OneDrive\Documentos\Klikatuz Garatu (Alfa)\sdlExamplesVcWS\01simpleStaticDemo\distrituak.c(352,5): warning C4996: 'sprintf': This function or variable may be unsafe. Consider using sprintf_s instead. To disable deprecation, use _CRT_SECURE_NO_WARNINGS. See online help for details.
C:\Users\diosg\OneDrive\Documentos\Klikatuz Garatu (Alfa)\sdlExamplesVcWS\01simpleStaticDemo\distrituak.c(353,5): warning C4996: 'sprintf': This function or variable may be unsafe. Consider using sprintf_s instead. To disable deprecation, use _CRT_SECURE_NO_WARNINGS. See online help for details.
C:\Users\diosg\OneDrive\Documentos\Klikatuz Garatu (Alfa)\sdlExamplesVcWS\01simpleStaticDemo\distrituak.c(400,25): warning C4996: 'sprintf': This function or variable may be unsafe. Consider using sprintf_s instead. To disable deprecation, use _CRT_SECURE_NO_WARNINGS. See online help for details.
C:\Users\diosg\OneDrive\Documentos\Klikatuz Garatu (Alfa)\sdlExamplesVcWS\01simpleStaticDemo\distrituak.c(401,25): warning C4996: 'sprintf': This function or variable may be unsafe. Consider using sprintf_s instead. To disable deprecation, use _CRT_SECURE_NO_WARNINGS. See online help for details.
C:\Users\diosg\OneDrive\Documentos\Klikatuz Garatu (Alfa)\sdlExamplesVcWS\01simpleStaticDemo\distrituak.c(402,25): warning C4996: 'sprintf': This function or variable may be unsafe. Consider using sprintf_s instead. To disable deprecation, use _CRT_SECURE_NO_WARNINGS. See online help for details.
C:\Users\diosg\OneDrive\Documentos\Klikatuz Garatu (Alfa)\sdlExamplesVcWS\01simpleStaticDemo\distrituak.c(403,25): warning C4996: 'sprintf': This function or variable may be unsafe. Consider using sprintf_s instead. To disable deprecation, use _CRT_SECURE_NO_WARNINGS. See online help for details.
C:\Users\diosg\OneDrive\Documentos\Klikatuz Garatu (Alfa)\sdlExamplesVcWS\01simpleStaticDemo\distrituak.c(404,25): warning C4996: 'sprintf': This function or variable may be unsafe. Consider using sprintf_s instead. To disable deprecation, use _CRT_SECURE_NO_WARNINGS. See online help for details.
C:\Users\diosg\OneDrive\Documentos\Klikatuz Garatu (Alfa)\sdlExamplesVcWS\01simpleStaticDemo\distrituak.c(447,25): warning C4996: 'sprintf': This function or variable may be unsafe. Consider using sprintf_s instead. To disable deprecation, use _CRT_SECURE_NO_WARNINGS. See online help for details.
C:\Users\diosg\OneDrive\Documentos\Klikatuz Garatu (Alfa)\sdlExamplesVcWS\01simpleStaticDemo\distrituak.c(448,25): warning C4996: 'sprintf': This function or variable may be unsafe. Consider using sprintf_s instead. To disable deprecation, use _CRT_SECURE_NO_WARNINGS. See online help for details.
C:\Users\diosg\OneDrive\Documentos\Klikatuz Garatu (Alfa)\sdlExamplesVcWS\01simpleStaticDemo\distrituak.c(449,25): warning C4996: 'sprintf': This function or variable may be unsafe. Consider using sprintf_s instead. To disable deprecation, use _CRT_SECURE_NO_WARNINGS. See online help for details.
C:\Users\diosg\OneDrive\Documentos\Klikatuz Garatu (Alfa)\sdlExamplesVcWS\01simpleStaticDemo\distrituak.c(450,25): warning C4996: 'sprintf': This function or variable may be unsafe. Consider using sprintf_s instead. To disable deprecation, use _CRT_SECURE_NO_WARNINGS. See online help for details.
C:\Users\diosg\OneDrive\Documentos\Klikatuz Garatu (Alfa)\sdlExamplesVcWS\01simpleStaticDemo\distrituak.c(451,25): warning C4996: 'sprintf': This function or variable may be unsafe. Consider using sprintf_s instead. To disable deprecation, use _CRT_SECURE_NO_WARNINGS. See online help for details.
C:\Users\diosg\OneDrive\Documentos\Klikatuz Garatu (Alfa)\sdlExamplesVcWS\01simpleStaticDemo\distrituak.c(499,25): warning C4996: 'sprintf': This function or variable may be unsafe. Consider using sprintf_s instead. To disable deprecation, use _CRT_SECURE_NO_WARNINGS. See online help for details.
C:\Users\diosg\OneDrive\Documentos\Klikatuz Garatu (Alfa)\sdlExamplesVcWS\01simpleStaticDemo\distrituak.c(500,25): warning C4996: 'sprintf': This function or variable may be unsafe. Consider using sprintf_s instead. To disable deprecation, use _CRT_SECURE_NO_WARNINGS. See online help for details.
C:\Users\diosg\OneDrive\Documentos\Klikatuz Garatu (Alfa)\sdlExamplesVcWS\01simpleStaticDemo\distrituak.c(501,25): warning C4996: 'sprintf': This function or variable may be unsafe. Consider using sprintf_s instead. To disable deprecation, use _CRT_SECURE_NO_WARNINGS. See online help for details.
C:\Users\diosg\OneDrive\Documentos\Klikatuz Garatu (Alfa)\sdlExamplesVcWS\01simpleStaticDemo\distrituak.c(502,25): warning C4996: 'sprintf': This function or variable may be unsafe. Consider using sprintf_s instead. To disable deprecation, use _CRT_SECURE_NO_WARNINGS. See online help for details.
C:\Users\diosg\OneDrive\Documentos\Klikatuz Garatu (Alfa)\sdlExamplesVcWS\01simpleStaticDemo\distrituak.c(503,25): warning C4996: 'sprintf': This function or variable may be unsafe. Consider using sprintf_s instead. To disable deprecation, use _CRT_SECURE_NO_WARNINGS. See online help for details.
C:\Users\diosg\OneDrive\Documentos\Klikatuz Garatu (Alfa)\sdlExamplesVcWS\01simpleStaticDemo\distrituak.c(543,42): warning C4047: '=': 'int' es distinto en los niveles de direccionamiento indirecto de 'char [25]'
C:\Users\diosg\OneDrive\Documentos\Klikatuz Garatu (Alfa)\sdlExamplesVcWS\01simpleStaticDemo\distrituak.c(547,40): warning C4474: "sprintf": se pasaron demasiados argumentos para la cadena de formato
C:\Users\diosg\OneDrive\Documentos\Klikatuz Garatu (Alfa)\sdlExamplesVcWS\01simpleStaticDemo\distrituak.c(547,40): message : los marcadores de posición y sus parámetros esperan 0 argumentos variádicos, pero se proporcionaron 1
C:\Users\diosg\OneDrive\Documentos\Klikatuz Garatu (Alfa)\sdlExamplesVcWS\01simpleStaticDemo\distrituak.c(548,38): warning C4474: "sprintf": se pasaron demasiados argumentos para la cadena de formato
C:\Users\diosg\OneDrive\Documentos\Klikatuz Garatu (Alfa)\sdlExamplesVcWS\01simpleStaticDemo\distrituak.c(548,38): message : los marcadores de posición y sus parámetros esperan 0 argumentos variádicos, pero se proporcionaron 1
C:\Users\diosg\OneDrive\Documentos\Klikatuz Garatu (Alfa)\sdlExamplesVcWS\01simpleStaticDemo\distrituak.c(580,49): warning C4244: '=': conversión de 'double' a 'float'; posible pérdida de datos
C:\Users\diosg\OneDrive\Documentos\Klikatuz Garatu (Alfa)\sdlExamplesVcWS\01simpleStaticDemo\distrituak.c(585,70): warning C4047: '=': 'int' es distinto en los niveles de direccionamiento indirecto de 'char [29]'
C:\Users\diosg\OneDrive\Documentos\Klikatuz Garatu (Alfa)\sdlExamplesVcWS\01simpleStaticDemo\distrituak.c(596,60): warning C4474: "sprintf": se pasaron demasiados argumentos para la cadena de formato
C:\Users\diosg\OneDrive\Documentos\Klikatuz Garatu (Alfa)\sdlExamplesVcWS\01simpleStaticDemo\distrituak.c(596,60): message : los marcadores de posición y sus parámetros esperan 0 argumentos variádicos, pero se proporcionaron 1
C:\Users\diosg\OneDrive\Documentos\Klikatuz Garatu (Alfa)\sdlExamplesVcWS\01simpleStaticDemo\distrituak.c(597,58): warning C4474: "sprintf": se pasaron demasiados argumentos para la cadena de formato
C:\Users\diosg\OneDrive\Documentos\Klikatuz Garatu (Alfa)\sdlExamplesVcWS\01simpleStaticDemo\distrituak.c(597,58): message : los marcadores de posición y sus parámetros esperan 0 argumentos variádicos, pero se proporcionaron 1
C:\Users\diosg\OneDrive\Documentos\Klikatuz Garatu (Alfa)\sdlExamplesVcWS\01simpleStaticDemo\distrituak.c(625,49): warning C4244: '=': conversión de 'double' a 'float'; posible pérdida de datos
C:\Users\diosg\OneDrive\Documentos\Klikatuz Garatu (Alfa)\sdlExamplesVcWS\01simpleStaticDemo\distrituak.c(631,68): warning C4047: '=': 'int' es distinto en los niveles de direccionamiento indirecto de 'char [27]'
C:\Users\diosg\OneDrive\Documentos\Klikatuz Garatu (Alfa)\sdlExamplesVcWS\01simpleStaticDemo\distrituak.c(642,62): warning C4474: "sprintf": se pasaron demasiados argumentos para la cadena de formato
C:\Users\diosg\OneDrive\Documentos\Klikatuz Garatu (Alfa)\sdlExamplesVcWS\01simpleStaticDemo\distrituak.c(642,62): message : los marcadores de posición y sus parámetros esperan 0 argumentos variádicos, pero se proporcionaron 1
C:\Users\diosg\OneDrive\Documentos\Klikatuz Garatu (Alfa)\sdlExamplesVcWS\01simpleStaticDemo\distrituak.c(644,58): warning C4474: "sprintf": se pasaron demasiados argumentos para la cadena de formato
C:\Users\diosg\OneDrive\Documentos\Klikatuz Garatu (Alfa)\sdlExamplesVcWS\01simpleStaticDemo\distrituak.c(644,58): message : los marcadores de posición y sus parámetros esperan 0 argumentos variádicos, pero se proporcionaron 1
C:\Users\diosg\OneDrive\Documentos\Klikatuz Garatu (Alfa)\sdlExamplesVcWS\01simpleStaticDemo\distrituak.c(671,49): warning C4244: '=': conversión de 'double' a 'float'; posible pérdida de datos
C:\Users\diosg\OneDrive\Documentos\Klikatuz Garatu (Alfa)\sdlExamplesVcWS\01simpleStaticDemo\distrituak.c(676,67): warning C4047: '=': 'int' es distinto en los niveles de direccionamiento indirecto de 'char [26]'
C:\Users\diosg\OneDrive\Documentos\Klikatuz Garatu (Alfa)\sdlExamplesVcWS\01simpleStaticDemo\distrituak.c(692,62): warning C4474: "sprintf": se pasaron demasiados argumentos para la cadena de formato
C:\Users\diosg\OneDrive\Documentos\Klikatuz Garatu (Alfa)\sdlExamplesVcWS\01simpleStaticDemo\distrituak.c(692,62): message : los marcadores de posición y sus parámetros esperan 0 argumentos variádicos, pero se proporcionaron 1
C:\Users\diosg\OneDrive\Documentos\Klikatuz Garatu (Alfa)\sdlExamplesVcWS\01simpleStaticDemo\distrituak.c(693,61): warning C4474: "sprintf": se pasaron demasiados argumentos para la cadena de formato
C:\Users\diosg\OneDrive\Documentos\Klikatuz Garatu (Alfa)\sdlExamplesVcWS\01simpleStaticDemo\distrituak.c(693,61): message : los marcadores de posición y sus parámetros esperan 0 argumentos variádicos, pero se proporcionaron 1
C:\Users\diosg\OneDrive\Documentos\Klikatuz Garatu (Alfa)\sdlExamplesVcWS\01simpleStaticDemo\distrituak.c(536,1): warning C4244: 'inicializando': conversión de 'double' a 'float'; posible pérdida de datos
C:\Users\diosg\OneDrive\Documentos\Klikatuz Garatu (Alfa)\sdlExamplesVcWS\01simpleStaticDemo\distrituak.c(537,1): warning C4244: 'inicializando': conversión de 'double' a 'float'; posible pérdida de datos
C:\Users\diosg\OneDrive\Documentos\Klikatuz Garatu (Alfa)\sdlExamplesVcWS\01simpleStaticDemo\distrituak.c(545,5): warning C4996: 'sprintf': This function or variable may be unsafe. Consider using sprintf_s instead. To disable deprecation, use _CRT_SECURE_NO_WARNINGS. See online help for details.
C:\Users\diosg\OneDrive\Documentos\Klikatuz Garatu (Alfa)\sdlExamplesVcWS\01simpleStaticDemo\distrituak.c(546,5): warning C4996: 'sprintf': This function or variable may be unsafe. Consider using sprintf_s instead. To disable deprecation, use _CRT_SECURE_NO_WARNINGS. See online help for details.
C:\Users\diosg\OneDrive\Documentos\Klikatuz Garatu (Alfa)\sdlExamplesVcWS\01simpleStaticDemo\distrituak.c(547,5): warning C4996: 'sprintf': This function or variable may be unsafe. Consider using sprintf_s instead. To disable deprecation, use _CRT_SECURE_NO_WARNINGS. See online help for details.
C:\Users\diosg\OneDrive\Documentos\Klikatuz Garatu (Alfa)\sdlExamplesVcWS\01simpleStaticDemo\distrituak.c(548,5): warning C4996: 'sprintf': This function or variable may be unsafe. Consider using sprintf_s instead. To disable deprecation, use _CRT_SECURE_NO_WARNINGS. See online help for details.
C:\Users\diosg\OneDrive\Documentos\Klikatuz Garatu (Alfa)\sdlExamplesVcWS\01simpleStaticDemo\distrituak.c(549,5): warning C4996: 'sprintf': This function or variable may be unsafe. Consider using sprintf_s instead. To disable deprecation, use _CRT_SECURE_NO_WARNINGS. See online help for details.
C:\Users\diosg\OneDrive\Documentos\Klikatuz Garatu (Alfa)\sdlExamplesVcWS\01simpleStaticDemo\distrituak.c(594,25): warning C4996: 'sprintf': This function or variable may be unsafe. Consider using sprintf_s instead. To disable deprecation, use _CRT_SECURE_NO_WARNINGS. See online help for details.
C:\Users\diosg\OneDrive\Documentos\Klikatuz Garatu (Alfa)\sdlExamplesVcWS\01simpleStaticDemo\distrituak.c(595,25): warning C4996: 'sprintf': This function or variable may be unsafe. Consider using sprintf_s instead. To disable deprecation, use _CRT_SECURE_NO_WARNINGS. See online help for details.
C:\Users\diosg\OneDrive\Documentos\Klikatuz Garatu (Alfa)\sdlExamplesVcWS\01simpleStaticDemo\distrituak.c(596,25): warning C4996: 'sprintf': This function or variable may be unsafe. Consider using sprintf_s instead. To disable deprecation, use _CRT_SECURE_NO_WARNINGS. See online help for details.
C:\Users\diosg\OneDrive\Documentos\Klikatuz Garatu (Alfa)\sdlExamplesVcWS\01simpleStaticDemo\distrituak.c(597,25): warning C4996: 'sprintf': This function or variable may be unsafe. Consider using sprintf_s instead. To disable deprecation, use _CRT_SECURE_NO_WARNINGS. See online help for details.
C:\Users\diosg\OneDrive\Documentos\Klikatuz Garatu (Alfa)\sdlExamplesVcWS\01simpleStaticDemo\distrituak.c(598,25): warning C4996: 'sprintf': This function or variable may be unsafe. Consider using sprintf_s instead. To disable deprecation, use _CRT_SECURE_NO_WARNINGS. See online help for details.
C:\Users\diosg\OneDrive\Documentos\Klikatuz Garatu (Alfa)\sdlExamplesVcWS\01simpleStaticDemo\distrituak.c(641,25): warning C4996: 'sprintf': This function or variable may be unsafe. Consider using sprintf_s instead. To disable deprecation, use _CRT_SECURE_NO_WARNINGS. See online help for details.
C:\Users\diosg\OneDrive\Documentos\Klikatuz Garatu (Alfa)\sdlExamplesVcWS\01simpleStaticDemo\distrituak.c(642,25): warning C4996: 'sprintf': This function or variable may be unsafe. Consider using sprintf_s instead. To disable deprecation, use _CRT_SECURE_NO_WARNINGS. See online help for details.
C:\Users\diosg\OneDrive\Documentos\Klikatuz Garatu (Alfa)\sdlExamplesVcWS\01simpleStaticDemo\distrituak.c(643,25): warning C4996: 'sprintf': This function or variable may be unsafe. Consider using sprintf_s instead. To disable deprecation, use _CRT_SECURE_NO_WARNINGS. See online help for details.
C:\Users\diosg\OneDrive\Documentos\Klikatuz Garatu (Alfa)\sdlExamplesVcWS\01simpleStaticDemo\distrituak.c(644,25): warning C4996: 'sprintf': This function or variable may be unsafe. Consider using sprintf_s instead. To disable deprecation, use _CRT_SECURE_NO_WARNINGS. See online help for details.
C:\Users\diosg\OneDrive\Documentos\Klikatuz Garatu (Alfa)\sdlExamplesVcWS\01simpleStaticDemo\distrituak.c(645,25): warning C4996: 'sprintf': This function or variable may be unsafe. Consider using sprintf_s instead. To disable deprecation, use _CRT_SECURE_NO_WARNINGS. See online help for details.
C:\Users\diosg\OneDrive\Documentos\Klikatuz Garatu (Alfa)\sdlExamplesVcWS\01simpleStaticDemo\distrituak.c(691,25): warning C4996: 'sprintf': This function or variable may be unsafe. Consider using sprintf_s instead. To disable deprecation, use _CRT_SECURE_NO_WARNINGS. See online help for details.
C:\Users\diosg\OneDrive\Documentos\Klikatuz Garatu (Alfa)\sdlExamplesVcWS\01simpleStaticDemo\distrituak.c(692,25): warning C4996: 'sprintf': This function or variable may be unsafe. Consider using sprintf_s instead. To disable deprecation, use _CRT_SECURE_NO_WARNINGS. See online help for details.
C:\Users\diosg\OneDrive\Documentos\Klikatuz Garatu (Alfa)\sdlExamplesVcWS\01simpleStaticDemo\distrituak.c(693,25): warning C4996: 'sprintf': This function or variable may be unsafe. Consider using sprintf_s instead. To disable deprecation, use _CRT_SECURE_NO_WARNINGS. See online help for details.
C:\Users\diosg\OneDrive\Documentos\Klikatuz Garatu (Alfa)\sdlExamplesVcWS\01simpleStaticDemo\distrituak.c(694,25): warning C4996: 'sprintf': This function or variable may be unsafe. Consider using sprintf_s instead. To disable deprecation, use _CRT_SECURE_NO_WARNINGS. See online help for details.
C:\Users\diosg\OneDrive\Documentos\Klikatuz Garatu (Alfa)\sdlExamplesVcWS\01simpleStaticDemo\distrituak.c(695,25): warning C4996: 'sprintf': This function or variable may be unsafe. Consider using sprintf_s instead. To disable deprecation, use _CRT_SECURE_NO_WARNINGS. See online help for details.
C:\Users\diosg\OneDrive\Documentos\Klikatuz Garatu (Alfa)\sdlExamplesVcWS\01simpleStaticDemo\distrituak.c(736,42): warning C4047: '=': 'int' es distinto en los niveles de direccionamiento indirecto de 'char [25]'
C:\Users\diosg\OneDrive\Documentos\Klikatuz Garatu (Alfa)\sdlExamplesVcWS\01simpleStaticDemo\distrituak.c(743,40): warning C4474: "sprintf": se pasaron demasiados argumentos para la cadena de formato
C:\Users\diosg\OneDrive\Documentos\Klikatuz Garatu (Alfa)\sdlExamplesVcWS\01simpleStaticDemo\distrituak.c(743,40): message : los marcadores de posición y sus parámetros esperan 0 argumentos variádicos, pero se proporcionaron 1
C:\Users\diosg\OneDrive\Documentos\Klikatuz Garatu (Alfa)\sdlExamplesVcWS\01simpleStaticDemo\distrituak.c(744,38): warning C4474: "sprintf": se pasaron demasiados argumentos para la cadena de formato
C:\Users\diosg\OneDrive\Documentos\Klikatuz Garatu (Alfa)\sdlExamplesVcWS\01simpleStaticDemo\distrituak.c(744,38): message : los marcadores de posición y sus parámetros esperan 0 argumentos variádicos, pero se proporcionaron 1
C:\Users\diosg\OneDrive\Documentos\Klikatuz Garatu (Alfa)\sdlExamplesVcWS\01simpleStaticDemo\distrituak.c(774,48): warning C4244: '=': conversión de 'double' a 'float'; posible pérdida de datos
C:\Users\diosg\OneDrive\Documentos\Klikatuz Garatu (Alfa)\sdlExamplesVcWS\01simpleStaticDemo\distrituak.c(779,68): warning C4047: '=': 'int' es distinto en los niveles de direccionamiento indirecto de 'char [27]'
C:\Users\diosg\OneDrive\Documentos\Klikatuz Garatu (Alfa)\sdlExamplesVcWS\01simpleStaticDemo\distrituak.c(793,60): warning C4474: "sprintf": se pasaron demasiados argumentos para la cadena de formato
C:\Users\diosg\OneDrive\Documentos\Klikatuz Garatu (Alfa)\sdlExamplesVcWS\01simpleStaticDemo\distrituak.c(793,60): message : los marcadores de posición y sus parámetros esperan 0 argumentos variádicos, pero se proporcionaron 1
C:\Users\diosg\OneDrive\Documentos\Klikatuz Garatu (Alfa)\sdlExamplesVcWS\01simpleStaticDemo\distrituak.c(794,58): warning C4474: "sprintf": se pasaron demasiados argumentos para la cadena de formato
C:\Users\diosg\OneDrive\Documentos\Klikatuz Garatu (Alfa)\sdlExamplesVcWS\01simpleStaticDemo\distrituak.c(794,58): message : los marcadores de posición y sus parámetros esperan 0 argumentos variádicos, pero se proporcionaron 1
C:\Users\diosg\OneDrive\Documentos\Klikatuz Garatu (Alfa)\sdlExamplesVcWS\01simpleStaticDemo\distrituak.c(821,49): warning C4244: '=': conversión de 'double' a 'float'; posible pérdida de datos
C:\Users\diosg\OneDrive\Documentos\Klikatuz Garatu (Alfa)\sdlExamplesVcWS\01simpleStaticDemo\distrituak.c(826,68): warning C4047: '=': 'int' es distinto en los niveles de direccionamiento indirecto de 'char [27]'
C:\Users\diosg\OneDrive\Documentos\Klikatuz Garatu (Alfa)\sdlExamplesVcWS\01simpleStaticDemo\distrituak.c(838,67): warning C4474: "sprintf": se pasaron demasiados argumentos para la cadena de formato
C:\Users\diosg\OneDrive\Documentos\Klikatuz Garatu (Alfa)\sdlExamplesVcWS\01simpleStaticDemo\distrituak.c(838,67): message : los marcadores de posición y sus parámetros esperan 0 argumentos variádicos, pero se proporcionaron 1
C:\Users\diosg\OneDrive\Documentos\Klikatuz Garatu (Alfa)\sdlExamplesVcWS\01simpleStaticDemo\distrituak.c(840,58): warning C4474: "sprintf": se pasaron demasiados argumentos para la cadena de formato
C:\Users\diosg\OneDrive\Documentos\Klikatuz Garatu (Alfa)\sdlExamplesVcWS\01simpleStaticDemo\distrituak.c(840,58): message : los marcadores de posición y sus parámetros esperan 0 argumentos variádicos, pero se proporcionaron 1
C:\Users\diosg\OneDrive\Documentos\Klikatuz Garatu (Alfa)\sdlExamplesVcWS\01simpleStaticDemo\distrituak.c(867,48): warning C4244: '=': conversión de 'double' a 'float'; posible pérdida de datos
C:\Users\diosg\OneDrive\Documentos\Klikatuz Garatu (Alfa)\sdlExamplesVcWS\01simpleStaticDemo\distrituak.c(872,67): warning C4047: '=': 'int' es distinto en los niveles de direccionamiento indirecto de 'char [26]'
C:\Users\diosg\OneDrive\Documentos\Klikatuz Garatu (Alfa)\sdlExamplesVcWS\01simpleStaticDemo\distrituak.c(887,67): warning C4474: "sprintf": se pasaron demasiados argumentos para la cadena de formato
C:\Users\diosg\OneDrive\Documentos\Klikatuz Garatu (Alfa)\sdlExamplesVcWS\01simpleStaticDemo\distrituak.c(887,67): message : los marcadores de posición y sus parámetros esperan 0 argumentos variádicos, pero se proporcionaron 1
C:\Users\diosg\OneDrive\Documentos\Klikatuz Garatu (Alfa)\sdlExamplesVcWS\01simpleStaticDemo\distrituak.c(888,61): warning C4474: "sprintf": se pasaron demasiados argumentos para la cadena de formato
C:\Users\diosg\OneDrive\Documentos\Klikatuz Garatu (Alfa)\sdlExamplesVcWS\01simpleStaticDemo\distrituak.c(888,61): message : los marcadores de posición y sus parámetros esperan 0 argumentos variádicos, pero se proporcionaron 1
C:\Users\diosg\OneDrive\Documentos\Klikatuz Garatu (Alfa)\sdlExamplesVcWS\01simpleStaticDemo\distrituak.c(728,1): warning C4244: 'inicializando': conversión de 'double' a 'float'; posible pérdida de datos
C:\Users\diosg\OneDrive\Documentos\Klikatuz Garatu (Alfa)\sdlExamplesVcWS\01simpleStaticDemo\distrituak.c(729,1): warning C4244: 'inicializando': conversión de 'double' a 'float'; posible pérdida de datos
C:\Users\diosg\OneDrive\Documentos\Klikatuz Garatu (Alfa)\sdlExamplesVcWS\01simpleStaticDemo\distrituak.c(741,5): warning C4996: 'sprintf': This function or variable may be unsafe. Consider using sprintf_s instead. To disable deprecation, use _CRT_SECURE_NO_WARNINGS. See online help for details.
C:\Users\diosg\OneDrive\Documentos\Klikatuz Garatu (Alfa)\sdlExamplesVcWS\01simpleStaticDemo\distrituak.c(742,5): warning C4996: 'sprintf': This function or variable may be unsafe. Consider using sprintf_s instead. To disable deprecation, use _CRT_SECURE_NO_WARNINGS. See online help for details.
C:\Users\diosg\OneDrive\Documentos\Klikatuz Garatu (Alfa)\sdlExamplesVcWS\01simpleStaticDemo\distrituak.c(743,5): warning C4996: 'sprintf': This function or variable may be unsafe. Consider using sprintf_s instead. To disable deprecation, use _CRT_SECURE_NO_WARNINGS. See online help for details.
C:\Users\diosg\OneDrive\Documentos\Klikatuz Garatu (Alfa)\sdlExamplesVcWS\01simpleStaticDemo\distrituak.c(744,5): warning C4996: 'sprintf': This function or variable may be unsafe. Consider using sprintf_s instead. To disable deprecation, use _CRT_SECURE_NO_WARNINGS. See online help for details.
C:\Users\diosg\OneDrive\Documentos\Klikatuz Garatu (Alfa)\sdlExamplesVcWS\01simpleStaticDemo\distrituak.c(745,5): warning C4996: 'sprintf': This function or variable may be unsafe. Consider using sprintf_s instead. To disable deprecation, use _CRT_SECURE_NO_WARNINGS. See online help for details.
C:\Users\diosg\OneDrive\Documentos\Klikatuz Garatu (Alfa)\sdlExamplesVcWS\01simpleStaticDemo\distrituak.c(791,25): warning C4996: 'sprintf': This function or variable may be unsafe. Consider using sprintf_s instead. To disable deprecation, use _CRT_SECURE_NO_WARNINGS. See online help for details.
C:\Users\diosg\OneDrive\Documentos\Klikatuz Garatu (Alfa)\sdlExamplesVcWS\01simpleStaticDemo\distrituak.c(792,25): warning C4996: 'sprintf': This function or variable may be unsafe. Consider using sprintf_s instead. To disable deprecation, use _CRT_SECURE_NO_WARNINGS. See online help for details.
C:\Users\diosg\OneDrive\Documentos\Klikatuz Garatu (Alfa)\sdlExamplesVcWS\01simpleStaticDemo\distrituak.c(793,25): warning C4996: 'sprintf': This function or variable may be unsafe. Consider using sprintf_s instead. To disable deprecation, use _CRT_SECURE_NO_WARNINGS. See online help for details.
C:\Users\diosg\OneDrive\Documentos\Klikatuz Garatu (Alfa)\sdlExamplesVcWS\01simpleStaticDemo\distrituak.c(794,25): warning C4996: 'sprintf': This function or variable may be unsafe. Consider using sprintf_s instead. To disable deprecation, use _CRT_SECURE_NO_WARNINGS. See online help for details.
C:\Users\diosg\OneDrive\Documentos\Klikatuz Garatu (Alfa)\sdlExamplesVcWS\01simpleStaticDemo\distrituak.c(795,25): warning C4996: 'sprintf': This function or variable may be unsafe. Consider using sprintf_s instead. To disable deprecation, use _CRT_SECURE_NO_WARNINGS. See online help for details.
C:\Users\diosg\OneDrive\Documentos\Klikatuz Garatu (Alfa)\sdlExamplesVcWS\01simpleStaticDemo\distrituak.c(837,25): warning C4996: 'sprintf': This function or variable may be unsafe. Consider using sprintf_s instead. To disable deprecation, use _CRT_SECURE_NO_WARNINGS. See online help for details.
C:\Users\diosg\OneDrive\Documentos\Klikatuz Garatu (Alfa)\sdlExamplesVcWS\01simpleStaticDemo\distrituak.c(838,25): warning C4996: 'sprintf': This function or variable may be unsafe. Consider using sprintf_s instead. To disable deprecation, use _CRT_SECURE_NO_WARNINGS. See online help for details.
C:\Users\diosg\OneDrive\Documentos\Klikatuz Garatu (Alfa)\sdlExamplesVcWS\01simpleStaticDemo\distrituak.c(839,25): warning C4996: 'sprintf': This function or variable may be unsafe. Consider using sprintf_s instead. To disable deprecation, use _CRT_SECURE_NO_WARNINGS. See online help for details.
C:\Users\diosg\OneDrive\Documentos\Klikatuz Garatu (Alfa)\sdlExamplesVcWS\01simpleStaticDemo\distrituak.c(840,25): warning C4996: 'sprintf': This function or variable may be unsafe. Consider using sprintf_s instead. To disable deprecation, use _CRT_SECURE_NO_WARNINGS. See online help for details.
C:\Users\diosg\OneDrive\Documentos\Klikatuz Garatu (Alfa)\sdlExamplesVcWS\01simpleStaticDemo\distrituak.c(841,25): warning C4996: 'sprintf': This function or variable may be unsafe. Consider using sprintf_s instead. To disable deprecation, use _CRT_SECURE_NO_WARNINGS. See online help for details.
C:\Users\diosg\OneDrive\Documentos\Klikatuz Garatu (Alfa)\sdlExamplesVcWS\01simpleStaticDemo\distrituak.c(886,25): warning C4996: 'sprintf': This function or variable may be unsafe. Consider using sprintf_s instead. To disable deprecation, use _CRT_SECURE_NO_WARNINGS. See online help for details.
C:\Users\diosg\OneDrive\Documentos\Klikatuz Garatu (Alfa)\sdlExamplesVcWS\01simpleStaticDemo\distrituak.c(887,25): warning C4996: 'sprintf': This function or variable may be unsafe. Consider using sprintf_s instead. To disable deprecation, use _CRT_SECURE_NO_WARNINGS. See online help for details.
C:\Users\diosg\OneDrive\Documentos\Klikatuz Garatu (Alfa)\sdlExamplesVcWS\01simpleStaticDemo\distrituak.c(888,25): warning C4996: 'sprintf': This function or variable may be unsafe. Consider using sprintf_s instead. To disable deprecation, use _CRT_SECURE_NO_WARNINGS. See online help for details.
C:\Users\diosg\OneDrive\Documentos\Klikatuz Garatu (Alfa)\sdlExamplesVcWS\01simpleStaticDemo\distrituak.c(889,25): warning C4996: 'sprintf': This function or variable may be unsafe. Consider using sprintf_s instead. To disable deprecation, use _CRT_SECURE_NO_WARNINGS. See online help for details.
C:\Users\diosg\OneDrive\Documentos\Klikatuz Garatu (Alfa)\sdlExamplesVcWS\01simpleStaticDemo\distrituak.c(890,25): warning C4996: 'sprintf': This function or variable may be unsafe. Consider using sprintf_s instead. To disable deprecation, use _CRT_SECURE_NO_WARNINGS. See online help for details.
C:\Users\diosg\OneDrive\Documentos\Klikatuz Garatu (Alfa)\sdlExamplesVcWS\01simpleStaticDemo\distrituak.c(929,41): warning C4047: '=': 'int' es distinto en los niveles de direccionamiento indirecto de 'char [24]'
C:\Users\diosg\OneDrive\Documentos\Klikatuz Garatu (Alfa)\sdlExamplesVcWS\01simpleStaticDemo\distrituak.c(923,1): warning C4244: 'inicializando': conversión de 'double' a 'float'; posible pérdida de datos
C:\Users\diosg\OneDrive\Documentos\Klikatuz Garatu (Alfa)\sdlExamplesVcWS\01simpleStaticDemo\distrituak.c(924,1): warning C4244: 'inicializando': conversión de 'double' a 'float'; posible pérdida de datos
C:\Users\diosg\OneDrive\Documentos\Klikatuz Garatu (Alfa)\sdlExamplesVcWS\01simpleStaticDemo\distrituak.c(933,5): warning C4996: 'sprintf': This function or variable may be unsafe. Consider using sprintf_s instead. To disable deprecation, use _CRT_SECURE_NO_WARNINGS. See online help for details.
C:\Users\diosg\OneDrive\Documentos\Klikatuz Garatu (Alfa)\sdlExamplesVcWS\01simpleStaticDemo\distrituak.c(934,5): warning C4996: 'sprintf': This function or variable may be unsafe. Consider using sprintf_s instead. To disable deprecation, use _CRT_SECURE_NO_WARNINGS. See online help for details.
C:\Users\diosg\OneDrive\Documentos\Klikatuz Garatu (Alfa)\sdlExamplesVcWS\01simpleStaticDemo\distrituak.c(935,5): warning C4996: 'sprintf': This function or variable may be unsafe. Consider using sprintf_s instead. To disable deprecation, use _CRT_SECURE_NO_WARNINGS. See online help for details.
C:\Users\diosg\OneDrive\Documentos\Klikatuz Garatu (Alfa)\sdlExamplesVcWS\01simpleStaticDemo\distrituak.c(936,5): warning C4996: 'sprintf': This function or variable may be unsafe. Consider using sprintf_s instead. To disable deprecation, use _CRT_SECURE_NO_WARNINGS. See online help for details.
C:\Users\diosg\OneDrive\Documentos\Klikatuz Garatu (Alfa)\sdlExamplesVcWS\01simpleStaticDemo\distrituak.c(981,25): warning C4996: 'sprintf': This function or variable may be unsafe. Consider using sprintf_s instead. To disable deprecation, use _CRT_SECURE_NO_WARNINGS. See online help for details.
C:\Users\diosg\OneDrive\Documentos\Klikatuz Garatu (Alfa)\sdlExamplesVcWS\01simpleStaticDemo\distrituak.c(982,25): warning C4996: 'sprintf': This function or variable may be unsafe. Consider using sprintf_s instead. To disable deprecation, use _CRT_SECURE_NO_WARNINGS. See online help for details.
C:\Users\diosg\OneDrive\Documentos\Klikatuz Garatu (Alfa)\sdlExamplesVcWS\01simpleStaticDemo\distrituak.c(983,25): warning C4996: 'sprintf': This function or variable may be unsafe. Consider using sprintf_s instead. To disable deprecation, use _CRT_SECURE_NO_WARNINGS. See online help for details.
C:\Users\diosg\OneDrive\Documentos\Klikatuz Garatu (Alfa)\sdlExamplesVcWS\01simpleStaticDemo\distrituak.c(984,25): warning C4996: 'sprintf': This function or variable may be unsafe. Consider using sprintf_s instead. To disable deprecation, use _CRT_SECURE_NO_WARNINGS. See online help for details.
C:\Users\diosg\OneDrive\Documentos\Klikatuz Garatu (Alfa)\sdlExamplesVcWS\01simpleStaticDemo\distrituak.c(1028,25): warning C4996: 'sprintf': This function or variable may be unsafe. Consider using sprintf_s instead. To disable deprecation, use _CRT_SECURE_NO_WARNINGS. See online help for details.
C:\Users\diosg\OneDrive\Documentos\Klikatuz Garatu (Alfa)\sdlExamplesVcWS\01simpleStaticDemo\distrituak.c(1029,25): warning C4996: 'sprintf': This function or variable may be unsafe. Consider using sprintf_s instead. To disable deprecation, use _CRT_SECURE_NO_WARNINGS. See online help for details.
C:\Users\diosg\OneDrive\Documentos\Klikatuz Garatu (Alfa)\sdlExamplesVcWS\01simpleStaticDemo\distrituak.c(1030,25): warning C4996: 'sprintf': This function or variable may be unsafe. Consider using sprintf_s instead. To disable deprecation, use _CRT_SECURE_NO_WARNINGS. See online help for details.
C:\Users\diosg\OneDrive\Documentos\Klikatuz Garatu (Alfa)\sdlExamplesVcWS\01simpleStaticDemo\distrituak.c(1031,25): warning C4996: 'sprintf': This function or variable may be unsafe. Consider using sprintf_s instead. To disable deprecation, use _CRT_SECURE_NO_WARNINGS. See online help for details.
C:\Users\diosg\OneDrive\Documentos\Klikatuz Garatu (Alfa)\sdlExamplesVcWS\01simpleStaticDemo\distrituak.c(1070,25): warning C4996: 'sprintf': This function or variable may be unsafe. Consider using sprintf_s instead. To disable deprecation, use _CRT_SECURE_NO_WARNINGS. See online help for details.
C:\Users\diosg\OneDrive\Documentos\Klikatuz Garatu (Alfa)\sdlExamplesVcWS\01simpleStaticDemo\distrituak.c(1071,25): warning C4996: 'sprintf': This function or variable may be unsafe. Consider using sprintf_s instead. To disable deprecation, use _CRT_SECURE_NO_WARNINGS. See online help for details.
C:\Users\diosg\OneDrive\Documentos\Klikatuz Garatu (Alfa)\sdlExamplesVcWS\01simpleStaticDemo\distrituak.c(1072,25): warning C4996: 'sprintf': This function or variable may be unsafe. Consider using sprintf_s instead. To disable deprecation, use _CRT_SECURE_NO_WARNINGS. See online help for details.
C:\Users\diosg\OneDrive\Documentos\Klikatuz Garatu (Alfa)\sdlExamplesVcWS\01simpleStaticDemo\distrituak.c(1073,25): warning C4996: 'sprintf': This function or variable may be unsafe. Consider using sprintf_s instead. To disable deprecation, use _CRT_SECURE_NO_WARNINGS. See online help for details.
C:\Users\diosg\OneDrive\Documentos\Klikatuz Garatu (Alfa)\sdlExamplesVcWS\01simpleStaticDemo\distrituak.c(1114,25): warning C4996: 'sprintf': This function or variable may be unsafe. Consider using sprintf_s instead. To disable deprecation, use _CRT_SECURE_NO_WARNINGS. See online help for details.
C:\Users\diosg\OneDrive\Documentos\Klikatuz Garatu (Alfa)\sdlExamplesVcWS\01simpleStaticDemo\distrituak.c(1115,25): warning C4996: 'sprintf': This function or variable may be unsafe. Consider using sprintf_s instead. To disable deprecation, use _CRT_SECURE_NO_WARNINGS. See online help for details.
C:\Users\diosg\OneDrive\Documentos\Klikatuz Garatu (Alfa)\sdlExamplesVcWS\01simpleStaticDemo\distrituak.c(1116,25): warning C4996: 'sprintf': This function or variable may be unsafe. Consider using sprintf_s instead. To disable deprecation, use _CRT_SECURE_NO_WARNINGS. See online help for details.
C:\Users\diosg\OneDrive\Documentos\Klikatuz Garatu (Alfa)\sdlExamplesVcWS\01simpleStaticDemo\distrituak.c(1117,25): warning C4996: 'sprintf': This function or variable may be unsafe. Consider using sprintf_s instead. To disable deprecation, use _CRT_SECURE_NO_WARNINGS. See online help for details.
C:\Users\diosg\OneDrive\Documentos\Klikatuz Garatu (Alfa)\sdlExamplesVcWS\01simpleStaticDemo\distrituak.c(1149,46): warning C4047: '=': 'int' es distinto en los niveles de direccionamiento indirecto de 'char [29]'
C:\Users\diosg\OneDrive\Documentos\Klikatuz Garatu (Alfa)\sdlExamplesVcWS\01simpleStaticDemo\distrituak.c(1145,1): warning C4244: 'inicializando': conversión de 'double' a 'float'; posible pérdida de datos
C:\Users\diosg\OneDrive\Documentos\Klikatuz Garatu (Alfa)\sdlExamplesVcWS\01simpleStaticDemo\distrituak.c(1146,1): warning C4244: 'inicializando': conversión de 'double' a 'float'; posible pérdida de datos
C:\Users\diosg\OneDrive\Documentos\Klikatuz Garatu (Alfa)\sdlExamplesVcWS\01simpleStaticDemo\distrituak.c(1153,5): warning C4996: 'sprintf': This function or variable may be unsafe. Consider using sprintf_s instead. To disable deprecation, use _CRT_SECURE_NO_WARNINGS. See online help for details.
C:\Users\diosg\OneDrive\Documentos\Klikatuz Garatu (Alfa)\sdlExamplesVcWS\01simpleStaticDemo\distrituak.c(1154,5): warning C4996: 'sprintf': This function or variable may be unsafe. Consider using sprintf_s instead. To disable deprecation, use _CRT_SECURE_NO_WARNINGS. See online help for details.
C:\Users\diosg\OneDrive\Documentos\Klikatuz Garatu (Alfa)\sdlExamplesVcWS\01simpleStaticDemo\distrituak.c(1155,5): warning C4996: 'sprintf': This function or variable may be unsafe. Consider using sprintf_s instead. To disable deprecation, use _CRT_SECURE_NO_WARNINGS. See online help for details.
C:\Users\diosg\OneDrive\Documentos\Klikatuz Garatu (Alfa)\sdlExamplesVcWS\01simpleStaticDemo\distrituak.c(1156,5): warning C4996: 'sprintf': This function or variable may be unsafe. Consider using sprintf_s instead. To disable deprecation, use _CRT_SECURE_NO_WARNINGS. See online help for details.
C:\Users\diosg\OneDrive\Documentos\Klikatuz Garatu (Alfa)\sdlExamplesVcWS\01simpleStaticDemo\distrituak.c(1198,17): warning C4996: 'sprintf': This function or variable may be unsafe. Consider using sprintf_s instead. To disable deprecation, use _CRT_SECURE_NO_WARNINGS. See online help for details.
C:\Users\diosg\OneDrive\Documentos\Klikatuz Garatu (Alfa)\sdlExamplesVcWS\01simpleStaticDemo\distrituak.c(1199,17): warning C4996: 'sprintf': This function or variable may be unsafe. Consider using sprintf_s instead. To disable deprecation, use _CRT_SECURE_NO_WARNINGS. See online help for details.
C:\Users\diosg\OneDrive\Documentos\Klikatuz Garatu (Alfa)\sdlExamplesVcWS\01simpleStaticDemo\distrituak.c(1200,17): warning C4996: 'sprintf': This function or variable may be unsafe. Consider using sprintf_s instead. To disable deprecation, use _CRT_SECURE_NO_WARNINGS. See online help for details.
C:\Users\diosg\OneDrive\Documentos\Klikatuz Garatu (Alfa)\sdlExamplesVcWS\01simpleStaticDemo\distrituak.c(1201,17): warning C4996: 'sprintf': This function or variable may be unsafe. Consider using sprintf_s instead. To disable deprecation, use _CRT_SECURE_NO_WARNINGS. See online help for details.
C:\Users\diosg\OneDrive\Documentos\Klikatuz Garatu (Alfa)\sdlExamplesVcWS\01simpleStaticDemo\distrituak.c(1232,43): warning C4047: '=': 'int' es distinto en los niveles de direccionamiento indirecto de 'char [26]'
C:\Users\diosg\OneDrive\Documentos\Klikatuz Garatu (Alfa)\sdlExamplesVcWS\01simpleStaticDemo\distrituak.c(1226,1): warning C4244: 'inicializando': conversión de 'double' a 'float'; posible pérdida de datos
C:\Users\diosg\OneDrive\Documentos\Klikatuz Garatu (Alfa)\sdlExamplesVcWS\01simpleStaticDemo\distrituak.c(1227,1): warning C4244: 'inicializando': conversión de 'double' a 'float'; posible pérdida de datos
C:\Users\diosg\OneDrive\Documentos\Klikatuz Garatu (Alfa)\sdlExamplesVcWS\01simpleStaticDemo\distrituak.c(1235,5): warning C4996: 'sprintf': This function or variable may be unsafe. Consider using sprintf_s instead. To disable deprecation, use _CRT_SECURE_NO_WARNINGS. See online help for details.
C:\Users\diosg\OneDrive\Documentos\Klikatuz Garatu (Alfa)\sdlExamplesVcWS\01simpleStaticDemo\distrituak.c(1236,5): warning C4996: 'sprintf': This function or variable may be unsafe. Consider using sprintf_s instead. To disable deprecation, use _CRT_SECURE_NO_WARNINGS. See online help for details.
C:\Users\diosg\OneDrive\Documentos\Klikatuz Garatu (Alfa)\sdlExamplesVcWS\01simpleStaticDemo\distrituak.c(1237,5): warning C4996: 'sprintf': This function or variable may be unsafe. Consider using sprintf_s instead. To disable deprecation, use _CRT_SECURE_NO_WARNINGS. See online help for details.
C:\Users\diosg\OneDrive\Documentos\Klikatuz Garatu (Alfa)\sdlExamplesVcWS\01simpleStaticDemo\distrituak.c(1238,5): warning C4996: 'sprintf': This function or variable may be unsafe. Consider using sprintf_s instead. To disable deprecation, use _CRT_SECURE_NO_WARNINGS. See online help for details.
C:\Users\diosg\OneDrive\Documentos\Klikatuz Garatu (Alfa)\sdlExamplesVcWS\01simpleStaticDemo\distrituak.c(1279,17): warning C4996: 'sprintf': This function or variable may be unsafe. Consider using sprintf_s instead. To disable deprecation, use _CRT_SECURE_NO_WARNINGS. See online help for details.
C:\Users\diosg\OneDrive\Documentos\Klikatuz Garatu (Alfa)\sdlExamplesVcWS\01simpleStaticDemo\distrituak.c(1280,17): warning C4996: 'sprintf': This function or variable may be unsafe. Consider using sprintf_s instead. To disable deprecation, use _CRT_SECURE_NO_WARNINGS. See online help for details.
C:\Users\diosg\OneDrive\Documentos\Klikatuz Garatu (Alfa)\sdlExamplesVcWS\01simpleStaticDemo\distrituak.c(1281,17): warning C4996: 'sprintf': This function or variable may be unsafe. Consider using sprintf_s instead. To disable deprecation, use _CRT_SECURE_NO_WARNINGS. See online help for details.
C:\Users\diosg\OneDrive\Documentos\Klikatuz Garatu (Alfa)\sdlExamplesVcWS\01simpleStaticDemo\distrituak.c(1282,17): warning C4996: 'sprintf': This function or variable may be unsafe. Consider using sprintf_s instead. To disable deprecation, use _CRT_SECURE_NO_WARNINGS. See online help for details.
C:\Users\diosg\OneDrive\Documentos\Klikatuz Garatu (Alfa)\sdlExamplesVcWS\01simpleStaticDemo\distrituak.c(1310,38): warning C4047: '=': 'int' es distinto en los niveles de direccionamiento indirecto de 'char [21]'
C:\Users\diosg\OneDrive\Documentos\Klikatuz Garatu (Alfa)\sdlExamplesVcWS\01simpleStaticDemo\distrituak.c(1333,30): warning C4013: 'PantallaFinal' sin definir; se supone que extern devuelve como resultado int
C:\Users\diosg\OneDrive\Documentos\Klikatuz Garatu (Alfa)\sdlExamplesVcWS\01simpleStaticDemo\distrituak.c(1306,1): warning C4244: 'inicializando': conversión de 'double' a 'float'; posible pérdida de datos
C:\Users\diosg\OneDrive\Documentos\Klikatuz Garatu (Alfa)\sdlExamplesVcWS\01simpleStaticDemo\distrituak.c(1307,1): warning C4244: 'inicializando': conversión de 'double' a 'float'; posible pérdida de datos
C:\Users\diosg\OneDrive\Documentos\Klikatuz Garatu (Alfa)\sdlExamplesVcWS\01simpleStaticDemo\distrituak.c(1302,10): warning C4101: 'str': variable local sin referencia
  01simpleStaticDemo.vcxproj -> C:\Users\diosg\OneDrive\Documentos\Klikatuz Garatu (Alfa)\sdlExamplesVcWS\Debug\01simpleStaticDemo.exe
