c:\users\asier\downloads\editados samples\sdlexamplesvcws\01simplestaticdemo\debug\vc142.pdb
c:\users\asier\downloads\editados samples\sdlexamplesvcws\01simplestaticdemo\debug\vc142.idb
c:\users\asier\downloads\editados samples\sdlexamplesvcws\01simplestaticdemo\debug\01simplestaticdemomain.nativecodeanalysis.sarif
c:\users\asier\downloads\editados samples\sdlexamplesvcws\01simplestaticdemo\debug\01simplestaticdemomain.nativecodeanalysis.xml
c:\users\asier\downloads\editados samples\sdlexamplesvcws\01simplestaticdemo\debug\text.nativecodeanalysis.sarif
c:\users\asier\downloads\editados samples\sdlexamplesvcws\01simplestaticdemo\debug\text.nativecodeanalysis.xml
c:\users\asier\downloads\editados samples\sdlexamplesvcws\01simplestaticdemo\debug\soinua.nativecodeanalysis.sarif
c:\users\asier\downloads\editados samples\sdlexamplesvcws\01simplestaticdemo\debug\soinua.nativecodeanalysis.xml
c:\users\asier\downloads\editados samples\sdlexamplesvcws\01simplestaticdemo\debug\imagen.nativecodeanalysis.sarif
c:\users\asier\downloads\editados samples\sdlexamplesvcws\01simplestaticdemo\debug\imagen.nativecodeanalysis.xml
c:\users\asier\downloads\editados samples\sdlexamplesvcws\01simplestaticdemo\debug\graphics.nativecodeanalysis.sarif
c:\users\asier\downloads\editados samples\sdlexamplesvcws\01simplestaticdemo\debug\graphics.nativecodeanalysis.xml
c:\users\asier\downloads\editados samples\sdlexamplesvcws\01simplestaticdemo\debug\ebentoak.nativecodeanalysis.sarif
c:\users\asier\downloads\editados samples\sdlexamplesvcws\01simplestaticdemo\debug\ebentoak.nativecodeanalysis.xml
c:\users\asier\downloads\editados samples\sdlexamplesvcws\01simplestaticdemo\debug\ebentoak.obj
c:\users\asier\downloads\editados samples\sdlexamplesvcws\01simplestaticdemo\debug\graphics.obj
c:\users\asier\downloads\editados samples\sdlexamplesvcws\01simplestaticdemo\debug\imagen.obj
c:\users\asier\downloads\editados samples\sdlexamplesvcws\01simplestaticdemo\debug\soinua.obj
c:\users\asier\downloads\editados samples\sdlexamplesvcws\01simplestaticdemo\debug\text.obj
c:\users\asier\downloads\editados samples\sdlexamplesvcws\01simplestaticdemo\debug\01simplestaticdemomain.obj
c:\users\asier\downloads\editados samples\sdlexamplesvcws\01simplestaticdemo\debug\01simplestaticdemo.ilk
c:\users\asier\downloads\editados samples\sdlexamplesvcws\debug\01simplestaticdemo.exe
c:\users\asier\downloads\editados samples\sdlexamplesvcws\debug\01simplestaticdemo.pdb
c:\users\asier\downloads\editados samples\sdlexamplesvcws\01simplestaticdemo\debug\vc.nativecodeanalysis.all.xml
c:\users\asier\downloads\editados samples\sdlexamplesvcws\01simplestaticdemo\debug\01simple.04ac65fd.tlog\cl.command.1.tlog
c:\users\asier\downloads\editados samples\sdlexamplesvcws\01simplestaticdemo\debug\01simple.04ac65fd.tlog\cl.read.1.tlog
c:\users\asier\downloads\editados samples\sdlexamplesvcws\01simplestaticdemo\debug\01simple.04ac65fd.tlog\cl.write.1.tlog
c:\users\asier\downloads\editados samples\sdlexamplesvcws\01simplestaticdemo\debug\01simple.04ac65fd.tlog\link.command.1.tlog
c:\users\asier\downloads\editados samples\sdlexamplesvcws\01simplestaticdemo\debug\01simple.04ac65fd.tlog\link.read.1.tlog
c:\users\asier\downloads\editados samples\sdlexamplesvcws\01simplestaticdemo\debug\01simple.04ac65fd.tlog\link.write.1.tlog
