C:\Program Files (x86)\Microsoft Visual Studio\2019\Community\MSBuild\Microsoft\VC\v160\Microsoft.CppBuild.targets(513,5): warning MSB8028: El directorio intermedio (Debug\) contiene archivos compartidos de otro proyecto (01simpleStaticDemo.vcxproj). Esto puede dar lugar a un comportamiento incorrecto de limpieza y recompilación.
  01simpleStaticDemoMain.c
C:\Users\asier\OneDrive\Documents\MU\PBL Proiektua\Editados Samples\Jokuaren Kodigoa\01simpleStaticDemo\01simpleStaticDemoMain.c(75,35): warning C4047: '=': 'int' es distinto en los niveles de direccionamiento indirecto de 'char [18]'
C:\Users\asier\OneDrive\Documents\MU\PBL Proiektua\Editados Samples\Jokuaren Kodigoa\01simpleStaticDemo\01simpleStaticDemoMain.c(99,54): warning C4047: 'función': 'int' es distinto en los niveles de direccionamiento indirecto de 'char [18]'
C:\Users\asier\OneDrive\Documents\MU\PBL Proiektua\Editados Samples\Jokuaren Kodigoa\01simpleStaticDemo\01simpleStaticDemoMain.c(99,33): warning C4024: 'irudiaKendu': tipos distintos para el parámetro formal y el parámetro real 1
C:\Users\asier\OneDrive\Documents\MU\PBL Proiektua\Editados Samples\Jokuaren Kodigoa\01simpleStaticDemo\01simpleStaticDemoMain.c(106,54): warning C4047: 'función': 'int' es distinto en los niveles de direccionamiento indirecto de 'char [18]'
C:\Users\asier\OneDrive\Documents\MU\PBL Proiektua\Editados Samples\Jokuaren Kodigoa\01simpleStaticDemo\01simpleStaticDemoMain.c(106,33): warning C4024: 'irudiaKendu': tipos distintos para el parámetro formal y el parámetro real 1
C:\Users\asier\OneDrive\Documents\MU\PBL Proiektua\Editados Samples\Jokuaren Kodigoa\01simpleStaticDemo\01simpleStaticDemoMain.c(145,17): warning C4996: 'sprintf': This function or variable may be unsafe. Consider using sprintf_s instead. To disable deprecation, use _CRT_SECURE_NO_WARNINGS. See online help for details.
C:\Users\asier\OneDrive\Documents\MU\PBL Proiektua\Editados Samples\Jokuaren Kodigoa\01simpleStaticDemo\01simpleStaticDemoMain.c(179,49): warning C4047: '=': 'int' es distinto en los niveles de direccionamiento indirecto de 'char [28]'
C:\Users\asier\OneDrive\Documents\MU\PBL Proiektua\Editados Samples\Jokuaren Kodigoa\01simpleStaticDemo\01simpleStaticDemoMain.c(184,45): warning C4047: '=': 'int' es distinto en los niveles de direccionamiento indirecto de 'char [24]'
C:\Users\asier\OneDrive\Documents\MU\PBL Proiektua\Editados Samples\Jokuaren Kodigoa\01simpleStaticDemo\01simpleStaticDemoMain.c(242,63): warning C4047: '=': 'int' es distinto en los niveles de direccionamiento indirecto de 'char [22]'
C:\Users\asier\OneDrive\Documents\MU\PBL Proiektua\Editados Samples\Jokuaren Kodigoa\01simpleStaticDemo\01simpleStaticDemoMain.c(280,65): warning C4047: '=': 'int' es distinto en los niveles de direccionamiento indirecto de 'char [24]'
C:\Users\asier\OneDrive\Documents\MU\PBL Proiektua\Editados Samples\Jokuaren Kodigoa\01simpleStaticDemo\01simpleStaticDemoMain.c(218,25): warning C4996: 'sprintf': This function or variable may be unsafe. Consider using sprintf_s instead. To disable deprecation, use _CRT_SECURE_NO_WARNINGS. See online help for details.
C:\Users\asier\OneDrive\Documents\MU\PBL Proiektua\Editados Samples\Jokuaren Kodigoa\01simpleStaticDemo\01simpleStaticDemoMain.c(256,25): warning C4996: 'sprintf': This function or variable may be unsafe. Consider using sprintf_s instead. To disable deprecation, use _CRT_SECURE_NO_WARNINGS. See online help for details.
C:\Users\asier\OneDrive\Documents\MU\PBL Proiektua\Editados Samples\Jokuaren Kodigoa\01simpleStaticDemo\01simpleStaticDemoMain.c(307,25): warning C4996: 'sprintf': This function or variable may be unsafe. Consider using sprintf_s instead. To disable deprecation, use _CRT_SECURE_NO_WARNINGS. See online help for details.
C:\Users\asier\OneDrive\Documents\MU\PBL Proiektua\Editados Samples\Jokuaren Kodigoa\01simpleStaticDemo\01simpleStaticDemoMain.c(381,46): warning C4047: '=': 'int' es distinto en los niveles de direccionamiento indirecto de 'char [25]'
C:\Users\asier\OneDrive\Documents\MU\PBL Proiektua\Editados Samples\Jokuaren Kodigoa\01simpleStaticDemo\01simpleStaticDemoMain.c(386,50): warning C4047: '=': 'int' es distinto en los niveles de direccionamiento indirecto de 'char [29]'
C:\Users\asier\OneDrive\Documents\MU\PBL Proiektua\Editados Samples\Jokuaren Kodigoa\01simpleStaticDemo\01simpleStaticDemoMain.c(413,69): warning C4047: '=': 'int' es distinto en los niveles de direccionamiento indirecto de 'char [28]'
C:\Users\asier\OneDrive\Documents\MU\PBL Proiektua\Editados Samples\Jokuaren Kodigoa\01simpleStaticDemo\01simpleStaticDemoMain.c(439,66): warning C4047: '=': 'int' es distinto en los niveles de direccionamiento indirecto de 'char [25]'
C:\Users\asier\OneDrive\Documents\MU\PBL Proiektua\Editados Samples\Jokuaren Kodigoa\01simpleStaticDemo\01simpleStaticDemoMain.c(462,70): warning C4047: '=': 'int' es distinto en los niveles de direccionamiento indirecto de 'char [29]'
C:\Users\asier\OneDrive\Documents\MU\PBL Proiektua\Editados Samples\Jokuaren Kodigoa\01simpleStaticDemo\01simpleStaticDemoMain.c(519,46): warning C4047: '=': 'int' es distinto en los niveles de direccionamiento indirecto de 'char [25]'
C:\Users\asier\OneDrive\Documents\MU\PBL Proiektua\Editados Samples\Jokuaren Kodigoa\01simpleStaticDemo\01simpleStaticDemoMain.c(524,47): warning C4047: '=': 'int' es distinto en los niveles de direccionamiento indirecto de 'char [26]'
C:\Users\asier\OneDrive\Documents\MU\PBL Proiektua\Editados Samples\Jokuaren Kodigoa\01simpleStaticDemo\01simpleStaticDemoMain.c(549,70): warning C4047: '=': 'int' es distinto en los niveles de direccionamiento indirecto de 'char [29]'
C:\Users\asier\OneDrive\Documents\MU\PBL Proiektua\Editados Samples\Jokuaren Kodigoa\01simpleStaticDemo\01simpleStaticDemoMain.c(575,68): warning C4047: '=': 'int' es distinto en los niveles de direccionamiento indirecto de 'char [27]'
C:\Users\asier\OneDrive\Documents\MU\PBL Proiektua\Editados Samples\Jokuaren Kodigoa\01simpleStaticDemo\01simpleStaticDemoMain.c(598,67): warning C4047: '=': 'int' es distinto en los niveles de direccionamiento indirecto de 'char [26]'
C:\Users\asier\OneDrive\Documents\MU\PBL Proiektua\Editados Samples\Jokuaren Kodigoa\01simpleStaticDemo\01simpleStaticDemoMain.c(654,42): warning C4047: '=': 'int' es distinto en los niveles de direccionamiento indirecto de 'char [25]'
C:\Users\asier\OneDrive\Documents\MU\PBL Proiektua\Editados Samples\Jokuaren Kodigoa\01simpleStaticDemo\01simpleStaticDemoMain.c(679,68): warning C4047: '=': 'int' es distinto en los niveles de direccionamiento indirecto de 'char [27]'
C:\Users\asier\OneDrive\Documents\MU\PBL Proiektua\Editados Samples\Jokuaren Kodigoa\01simpleStaticDemo\01simpleStaticDemoMain.c(703,68): warning C4047: '=': 'int' es distinto en los niveles de direccionamiento indirecto de 'char [27]'
C:\Users\asier\OneDrive\Documents\MU\PBL Proiektua\Editados Samples\Jokuaren Kodigoa\01simpleStaticDemo\01simpleStaticDemoMain.c(727,67): warning C4047: '=': 'int' es distinto en los niveles de direccionamiento indirecto de 'char [26]'
C:\Users\asier\OneDrive\Documents\MU\PBL Proiektua\Editados Samples\Jokuaren Kodigoa\01simpleStaticDemo\01simpleStaticDemoMain.c(814,41): warning C4047: '=': 'int' es distinto en los niveles de direccionamiento indirecto de 'char [24]'
C:\Users\asier\OneDrive\Documents\MU\PBL Proiektua\Editados Samples\Jokuaren Kodigoa\01simpleStaticDemo\01simpleStaticDemoMain.c(913,46): warning C4047: '=': 'int' es distinto en los niveles de direccionamiento indirecto de 'char [29]'
C:\Users\asier\OneDrive\Documents\MU\PBL Proiektua\Editados Samples\Jokuaren Kodigoa\01simpleStaticDemo\01simpleStaticDemoMain.c(952,43): warning C4047: '=': 'int' es distinto en los niveles de direccionamiento indirecto de 'char [26]'
C:\Users\asier\OneDrive\Documents\MU\PBL Proiektua\Editados Samples\Jokuaren Kodigoa\01simpleStaticDemo\01simpleStaticDemoMain.c(989,43): warning C4047: '=': 'int' es distinto en los niveles de direccionamiento indirecto de 'char [26]'
C:\Users\asier\OneDrive\Documents\MU\PBL Proiektua\Editados Samples\Jokuaren Kodigoa\01simpleStaticDemo\01simpleStaticDemoMain.c(1032,52): warning C4047: 'función': 'int' es distinto en los niveles de direccionamiento indirecto de 'char [20]'
C:\Users\asier\OneDrive\Documents\MU\PBL Proiektua\Editados Samples\Jokuaren Kodigoa\01simpleStaticDemo\01simpleStaticDemoMain.c(1032,29): warning C4024: 'irudiaKendu': tipos distintos para el parámetro formal y el parámetro real 1
C:\Users\asier\OneDrive\Documents\MU\PBL Proiektua\Editados Samples\Jokuaren Kodigoa\01simpleStaticDemo\01simpleStaticDemoMain.c(1060,53): warning C4047: 'función': 'int' es distinto en los niveles de direccionamiento indirecto de 'char [21]'
C:\Users\asier\OneDrive\Documents\MU\PBL Proiektua\Editados Samples\Jokuaren Kodigoa\01simpleStaticDemo\01simpleStaticDemoMain.c(1060,29): warning C4024: 'irudiaKendu': tipos distintos para el parámetro formal y el parámetro real 1
C:\Users\asier\OneDrive\Documents\MU\PBL Proiektua\Editados Samples\Jokuaren Kodigoa\01simpleStaticDemo\01simpleStaticDemoMain.c(1072,8): warning C4101: 'str': variable local sin referencia
C:\Users\asier\OneDrive\Documents\MU\PBL Proiektua\Editados Samples\Jokuaren Kodigoa\01simpleStaticDemo\01simpleStaticDemoMain.c(60): warning C4716: 'SDL_main': debe devolver un valor
  01simpleStaticDemo.vcxproj -> C:\Users\asier\OneDrive\Documents\MU\PBL Proiektua\Editados Samples\Jokuaren Kodigoa\Debug\Klikatuz Garatu.exe
