c:\users\asier\downloads\editados samples\sdlexamplesvcws\02simplegame\debug\vc142.pdb
c:\users\asier\downloads\editados samples\sdlexamplesvcws\02simplegame\debug\vc142.idb
c:\users\asier\downloads\editados samples\sdlexamplesvcws\02simplegame\debug\game02.nativecodeanalysis.sarif
c:\users\asier\downloads\editados samples\sdlexamplesvcws\02simplegame\debug\game02.nativecodeanalysis.xml
c:\users\asier\downloads\editados samples\sdlexamplesvcws\02simplegame\debug\02simplegamemain.nativecodeanalysis.sarif
c:\users\asier\downloads\editados samples\sdlexamplesvcws\02simplegame\debug\02simplegamemain.nativecodeanalysis.xml
c:\users\asier\downloads\editados samples\sdlexamplesvcws\02simplegame\debug\text.nativecodeanalysis.sarif
c:\users\asier\downloads\editados samples\sdlexamplesvcws\02simplegame\debug\text.nativecodeanalysis.xml
c:\users\asier\downloads\editados samples\sdlexamplesvcws\02simplegame\debug\soinua.nativecodeanalysis.sarif
c:\users\asier\downloads\editados samples\sdlexamplesvcws\02simplegame\debug\soinua.nativecodeanalysis.xml
c:\users\asier\downloads\editados samples\sdlexamplesvcws\02simplegame\debug\imagen.nativecodeanalysis.sarif
c:\users\asier\downloads\editados samples\sdlexamplesvcws\02simplegame\debug\imagen.nativecodeanalysis.xml
c:\users\asier\downloads\editados samples\sdlexamplesvcws\02simplegame\debug\graphics.nativecodeanalysis.sarif
c:\users\asier\downloads\editados samples\sdlexamplesvcws\02simplegame\debug\graphics.nativecodeanalysis.xml
c:\users\asier\downloads\editados samples\sdlexamplesvcws\02simplegame\debug\ebentoak.nativecodeanalysis.sarif
c:\users\asier\downloads\editados samples\sdlexamplesvcws\02simplegame\debug\ebentoak.nativecodeanalysis.xml
c:\users\asier\downloads\editados samples\sdlexamplesvcws\02simplegame\debug\ebentoak.obj
c:\users\asier\downloads\editados samples\sdlexamplesvcws\02simplegame\debug\graphics.obj
c:\users\asier\downloads\editados samples\sdlexamplesvcws\02simplegame\debug\imagen.obj
c:\users\asier\downloads\editados samples\sdlexamplesvcws\02simplegame\debug\soinua.obj
c:\users\asier\downloads\editados samples\sdlexamplesvcws\02simplegame\debug\text.obj
c:\users\asier\downloads\editados samples\sdlexamplesvcws\02simplegame\debug\02simplegamemain.obj
c:\users\asier\downloads\editados samples\sdlexamplesvcws\02simplegame\debug\game02.obj
c:\users\asier\downloads\editados samples\sdlexamplesvcws\02simplegame\debug\02simplegame.ilk
c:\users\asier\downloads\editados samples\sdlexamplesvcws\debug\02simplegame.exe
c:\users\asier\downloads\editados samples\sdlexamplesvcws\debug\02simplegame.pdb
c:\users\asier\downloads\editados samples\sdlexamplesvcws\02simplegame\debug\vc.nativecodeanalysis.all.xml
c:\users\asier\downloads\editados samples\sdlexamplesvcws\02simplegame\debug\02simplegame.tlog\cl.command.1.tlog
c:\users\asier\downloads\editados samples\sdlexamplesvcws\02simplegame\debug\02simplegame.tlog\cl.read.1.tlog
c:\users\asier\downloads\editados samples\sdlexamplesvcws\02simplegame\debug\02simplegame.tlog\cl.write.1.tlog
c:\users\asier\downloads\editados samples\sdlexamplesvcws\02simplegame\debug\02simplegame.tlog\link.command.1.tlog
c:\users\asier\downloads\editados samples\sdlexamplesvcws\02simplegame\debug\02simplegame.tlog\link.read.1.tlog
c:\users\asier\downloads\editados samples\sdlexamplesvcws\02simplegame\debug\02simplegame.tlog\link.write.1.tlog
